2025-06-26 14:47:01,453 - ig_scraper - INFO - === Starting Phase 3: Post Scraping ===
2025-06-26 14:47:01,453 - ig_scraper - INFO - Target: @malangraya_info
2025-06-26 14:47:01,453 - ig_scraper - INFO - Posts to extract: 3
2025-06-26 14:47:01,453 - ig_scraper - INFO - Comments per post: 2
2025-06-26 14:47:01,453 - ig_scraper - INFO - Step 1: Initializing scraper and login...
2025-06-26 14:47:01,453 - ig_scraper - INFO - Step 1: Initializing scraper and login...
2025-06-26 14:47:01,453 - ig_scraper - INFO - === Instagram Profile Scraper - Phase 1 ===
2025-06-26 14:47:01,453 - ig_scraper - INFO - === Instagram Profile Scraper - Phase 1 ===
2025-06-26 14:47:01,453 - ig_scraper - INFO - Initializing scraper with backup account support...
2025-06-26 14:47:01,453 - ig_scraper - INFO - Initializing scraper with backup account support...
2025-06-26 14:47:01,453 - ig_scraper - INFO - Using ChromeDriver at: /usr/bin/chromedriver
2025-06-26 14:47:01,453 - ig_scraper - INFO - Using ChromeDriver at: /usr/bin/chromedriver
2025-06-26 14:47:01,453 - ig_scraper - INFO - Using ChromeDriver at: /usr/bin/chromedriver
2025-06-26 14:47:02,363 - ig_scraper - INFO - WebDriver initialized successfully
2025-06-26 14:47:02,363 - ig_scraper - INFO - WebDriver initialized successfully
2025-06-26 14:47:02,363 - ig_scraper - INFO - WebDriver initialized successfully
2025-06-26 14:47:02,364 - ig_scraper - INFO - Attempting login with account: eprosen2
2025-06-26 14:47:02,364 - ig_scraper - INFO - Attempting login with account: eprosen2
2025-06-26 14:47:02,364 - ig_scraper - INFO - Attempting login with account: eprosen2
2025-06-26 14:48:39,689 - ig_scraper - INFO - Login success confirmed
2025-06-26 14:48:39,689 - ig_scraper - INFO - Login success confirmed
2025-06-26 14:48:39,689 - ig_scraper - INFO - Login success confirmed
2025-06-26 14:48:39,689 - ig_scraper - INFO - Successfully loaded existing session for: eprosen2
2025-06-26 14:48:39,689 - ig_scraper - INFO - Successfully loaded existing session for: eprosen2
2025-06-26 14:48:39,689 - ig_scraper - INFO - Successfully loaded existing session for: eprosen2
2025-06-26 14:48:39,689 - ig_scraper - INFO - Scraper initialized successfully
2025-06-26 14:48:39,689 - ig_scraper - INFO - Scraper initialized successfully
2025-06-26 14:48:39,689 - ig_scraper - INFO - Scraper initialized successfully
2025-06-26 14:48:39,689 - ig_scraper - INFO - Login successful, proceeding to post scraping...
2025-06-26 14:48:39,689 - ig_scraper - INFO - Login successful, proceeding to post scraping...
2025-06-26 14:48:39,689 - ig_scraper - INFO - Login successful, proceeding to post scraping...
2025-06-26 14:48:39,689 - ig_scraper - INFO - Step 2: Extracting profile information...
2025-06-26 14:48:39,689 - ig_scraper - INFO - Step 2: Extracting profile information...
2025-06-26 14:48:39,689 - ig_scraper - INFO - Step 2: Extracting profile information...
2025-06-26 14:48:39,690 - ig_scraper - INFO - === Phase 2: Profile Extraction for @malangraya_info ===
2025-06-26 14:48:39,690 - ig_scraper - INFO - === Phase 2: Profile Extraction for @malangraya_info ===
2025-06-26 14:48:39,690 - ig_scraper - INFO - === Phase 2: Profile Extraction for @malangraya_info ===
2025-06-26 14:48:39,690 - ig_scraper - INFO - Navigating to profile: @malangraya_info
2025-06-26 14:48:39,690 - ig_scraper - INFO - Navigating to profile: @malangraya_info
2025-06-26 14:48:39,690 - ig_scraper - INFO - Navigating to profile: @malangraya_info
2025-06-26 14:49:35,351 - ig_scraper - INFO - Successfully navigated to profile: @malangraya_info
2025-06-26 14:49:35,351 - ig_scraper - INFO - Successfully navigated to profile: @malangraya_info
2025-06-26 14:49:35,351 - ig_scraper - INFO - Successfully navigated to profile: @malangraya_info
2025-06-26 14:49:35,439 - ig_scraper - INFO - Screenshot saved: output/phase2_profile_malangraya_info.png
2025-06-26 14:49:35,439 - ig_scraper - INFO - Screenshot saved: output/phase2_profile_malangraya_info.png
2025-06-26 14:49:35,439 - ig_scraper - INFO - Screenshot saved: output/phase2_profile_malangraya_info.png
2025-06-26 14:49:35,439 - ig_scraper - INFO - Extracting profile data for @malangraya_info
2025-06-26 14:49:35,439 - ig_scraper - INFO - Extracting profile data for @malangraya_info
2025-06-26 14:49:35,439 - ig_scraper - INFO - Extracting profile data for @malangraya_info
2025-06-26 14:49:35,455 - ig_scraper - INFO - Display name: malangraya_info
2025-06-26 14:49:35,455 - ig_scraper - INFO - Display name: malangraya_info
2025-06-26 14:49:35,455 - ig_scraper - INFO - Display name: malangraya_info
2025-06-26 14:49:35,465 - ig_scraper - WARNING - Could not find bio
2025-06-26 14:49:35,465 - ig_scraper - WARNING - Could not find bio
2025-06-26 14:49:35,465 - ig_scraper - WARNING - Could not find bio
2025-06-26 14:49:35,675 - ig_scraper - INFO - Stats - Posts: 24491, Followers: 623000, Following: 1968
2025-06-26 14:49:35,675 - ig_scraper - INFO - Stats - Posts: 24491, Followers: 623000, Following: 1968
2025-06-26 14:49:35,675 - ig_scraper - INFO - Stats - Posts: 24491, Followers: 623000, Following: 1968
2025-06-26 14:49:35,685 - ig_scraper - INFO - Profile is public
2025-06-26 14:49:35,685 - ig_scraper - INFO - Profile is public
2025-06-26 14:49:35,685 - ig_scraper - INFO - Profile is public
2025-06-26 14:49:35,708 - ig_scraper - WARNING - Could not find profile picture
2025-06-26 14:49:35,708 - ig_scraper - WARNING - Could not find profile picture
2025-06-26 14:49:35,708 - ig_scraper - WARNING - Could not find profile picture
2025-06-26 14:49:35,730 - ig_scraper - INFO - External URL: https://www.threads.com/@malangraya_info?xmt=AQF0rGvm-9i3yPVA0DKu70eVIdA-0G3-NZw82UGPY0qiTu0
2025-06-26 14:49:35,730 - ig_scraper - INFO - External URL: https://www.threads.com/@malangraya_info?xmt=AQF0rGvm-9i3yPVA0DKu70eVIdA-0G3-NZw82UGPY0qiTu0
2025-06-26 14:49:35,730 - ig_scraper - INFO - External URL: https://www.threads.com/@malangraya_info?xmt=AQF0rGvm-9i3yPVA0DKu70eVIdA-0G3-NZw82UGPY0qiTu0
2025-06-26 14:49:35,731 - ig_scraper - INFO - Profile data extraction completed for @malangraya_info
2025-06-26 14:49:35,731 - ig_scraper - INFO - Profile data extraction completed for @malangraya_info
2025-06-26 14:49:35,731 - ig_scraper - INFO - Profile data extraction completed for @malangraya_info
2025-06-26 14:49:35,731 - ig_scraper - INFO - Profile extraction completed for @malangraya_info
2025-06-26 14:49:35,731 - ig_scraper - INFO - Profile extraction completed for @malangraya_info
2025-06-26 14:49:35,731 - ig_scraper - INFO - Profile extraction completed for @malangraya_info
2025-06-26 14:49:35,731 - ig_scraper - INFO - Profile extraction completed successfully
2025-06-26 14:49:35,731 - ig_scraper - INFO - Profile extraction completed successfully
2025-06-26 14:49:35,731 - ig_scraper - INFO - Profile extraction completed successfully
2025-06-26 14:49:35,731 - ig_scraper - INFO - Step 3: Starting post scraping...
2025-06-26 14:49:35,731 - ig_scraper - INFO - Step 3: Starting post scraping...
2025-06-26 14:49:35,731 - ig_scraper - INFO - Step 3: Starting post scraping...
2025-06-26 14:49:35,731 - ig_scraper - INFO - === Phase 3: Post Scraping ===
2025-06-26 14:49:35,731 - ig_scraper - INFO - === Phase 3: Post Scraping ===
2025-06-26 14:49:35,731 - ig_scraper - INFO - === Phase 3: Post Scraping ===
2025-06-26 14:49:35,731 - ig_scraper - INFO - Scraping posts from @malangraya_info
2025-06-26 14:49:35,731 - ig_scraper - INFO - Scraping posts from @malangraya_info
2025-06-26 14:49:35,731 - ig_scraper - INFO - Scraping posts from @malangraya_info
2025-06-26 14:49:35,731 - ig_scraper - INFO - Starting post scraping for @malangraya_info
2025-06-26 14:49:35,731 - ig_scraper - INFO - Starting post scraping for @malangraya_info
2025-06-26 14:49:35,731 - ig_scraper - INFO - Starting post scraping for @malangraya_info
2025-06-26 14:49:35,731 - ig_scraper - INFO - Navigating to profile: @malangraya_info
2025-06-26 14:49:35,731 - ig_scraper - INFO - Navigating to profile: @malangraya_info
2025-06-26 14:49:35,731 - ig_scraper - INFO - Navigating to profile: @malangraya_info
2025-06-26 14:50:18,842 - ig_scraper - INFO - Successfully navigated to profile: @malangraya_info
2025-06-26 14:50:18,842 - ig_scraper - INFO - Successfully navigated to profile: @malangraya_info
2025-06-26 14:50:18,842 - ig_scraper - INFO - Successfully navigated to profile: @malangraya_info
2025-06-26 14:50:18,842 - ig_scraper - INFO - Scrolling to load posts...
2025-06-26 14:50:18,842 - ig_scraper - INFO - Scrolling to load posts...
2025-06-26 14:50:18,842 - ig_scraper - INFO - Scrolling to load posts...
2025-06-26 14:50:18,842 - ig_scraper - INFO - Scrolling to load at least 3 posts
2025-06-26 14:50:18,842 - ig_scraper - INFO - Scrolling to load at least 3 posts
2025-06-26 14:50:18,842 - ig_scraper - INFO - Scrolling to load at least 3 posts
2025-06-26 14:50:21,866 - ig_scraper - INFO - Reached bottom of page
2025-06-26 14:50:21,866 - ig_scraper - INFO - Reached bottom of page
2025-06-26 14:50:21,866 - ig_scraper - INFO - Reached bottom of page
2025-06-26 14:50:24,875 - ig_scraper - INFO - Extracted 0 post links
2025-06-26 14:50:24,875 - ig_scraper - INFO - Extracted 0 post links
2025-06-26 14:50:24,875 - ig_scraper - INFO - Extracted 0 post links
2025-06-26 14:50:24,875 - ig_scraper - ERROR - Post scraping failed: No posts found
2025-06-26 14:50:24,875 - ig_scraper - ERROR - Post scraping failed: No posts found
2025-06-26 14:50:24,875 - ig_scraper - ERROR - Post scraping failed: No posts found
2025-06-26 14:50:24,875 - ig_scraper - INFO - Phase 3 completed. Browser session will remain open for inspection.
2025-06-26 14:50:24,875 - ig_scraper - INFO - Phase 3 completed. Browser session will remain open for inspection.
2025-06-26 14:50:24,875 - ig_scraper - INFO - Phase 3 completed. Browser session will remain open for inspection.
2025-06-26 14:53:02,368 - ig_scraper - INFO - WebDriver closed successfully
2025-06-26 14:53:02,368 - ig_scraper - INFO - WebDriver closed successfully
2025-06-26 14:53:02,368 - ig_scraper - INFO - WebDriver closed successfully
2025-06-26 14:53:02,368 - ig_scraper - INFO - Scraper resources cleaned up
2025-06-26 14:53:02,368 - ig_scraper - INFO - Scraper resources cleaned up
2025-06-26 14:53:02,368 - ig_scraper - INFO - Scraper resources cleaned up
