2025-06-26 06:33:30,450 - ig_scraper - INFO - === Instagram Profile Scraper - Phase 5 ===
2025-06-26 06:33:30,450 - ig_scraper - INFO - Initializing scraper with search capabilities...
2025-06-26 06:33:30,450 - ig_scraper - INFO - Using ChromeDriver at: /usr/bin/chromedriver
2025-06-26 06:33:30,450 - ig_scraper - INFO - Using ChromeDriver at: /usr/bin/chromedriver
2025-06-26 06:33:30,450 - ig_scraper - INFO - Using ChromeDriver at: /usr/bin/chromedriver
2025-06-26 06:33:30,450 - ig_scraper - INFO - Using ChromeDriver at: /usr/bin/chromedriver
2025-06-26 06:33:30,450 - ig_scraper - INFO - Using ChromeDriver at: /usr/bin/chromedriver
2025-06-26 06:33:35,128 - ig_scraper - INFO - WebDriver initialized successfully
2025-06-26 06:33:35,128 - ig_scraper - INFO - WebDriver initialized successfully
2025-06-26 06:33:35,128 - ig_scraper - INFO - WebDriver initialized successfully
2025-06-26 06:33:35,128 - ig_scraper - INFO - WebDriver initialized successfully
2025-06-26 06:33:35,128 - ig_scraper - INFO - WebDriver initialized successfully
2025-06-26 06:33:35,128 - ig_scraper - INFO - Attempting login with account: eprosine009
2025-06-26 06:33:35,128 - ig_scraper - INFO - Attempting login with account: eprosine009
2025-06-26 06:33:35,128 - ig_scraper - INFO - Attempting login with account: eprosine009
2025-06-26 06:33:35,128 - ig_scraper - INFO - Attempting login with account: eprosine009
2025-06-26 06:33:35,128 - ig_scraper - INFO - Attempting login with account: eprosine009
2025-06-26 06:34:00,457 - ig_scraper - INFO - Navigating to login page...
2025-06-26 06:34:00,457 - ig_scraper - INFO - Navigating to login page...
2025-06-26 06:34:00,457 - ig_scraper - INFO - Navigating to login page...
2025-06-26 06:34:00,457 - ig_scraper - INFO - Navigating to login page...
2025-06-26 06:34:00,457 - ig_scraper - INFO - Navigating to login page...
2025-06-26 06:34:09,768 - ig_scraper - INFO - Login form submitted
2025-06-26 06:34:09,768 - ig_scraper - INFO - Login form submitted
2025-06-26 06:34:09,768 - ig_scraper - INFO - Login form submitted
2025-06-26 06:34:09,768 - ig_scraper - INFO - Login form submitted
2025-06-26 06:34:09,768 - ig_scraper - INFO - Login form submitted
2025-06-26 06:34:09,768 - ig_scraper - INFO - Waiting for login to process (extended timeout)...
2025-06-26 06:34:09,768 - ig_scraper - INFO - Waiting for login to process (extended timeout)...
2025-06-26 06:34:09,768 - ig_scraper - INFO - Waiting for login to process (extended timeout)...
2025-06-26 06:34:09,768 - ig_scraper - INFO - Waiting for login to process (extended timeout)...
2025-06-26 06:34:09,768 - ig_scraper - INFO - Waiting for login to process (extended timeout)...
2025-06-26 06:34:19,874 - ig_scraper - INFO - Checking login success (attempt 1/3)
2025-06-26 06:34:19,874 - ig_scraper - INFO - Checking login success (attempt 1/3)
2025-06-26 06:34:19,874 - ig_scraper - INFO - Checking login success (attempt 1/3)
2025-06-26 06:34:19,874 - ig_scraper - INFO - Checking login success (attempt 1/3)
2025-06-26 06:34:19,874 - ig_scraper - INFO - Checking login success (attempt 1/3)
2025-06-26 06:34:19,874 - ig_scraper - INFO - Waiting for login page to fully load...
2025-06-26 06:34:19,874 - ig_scraper - INFO - Waiting for login page to fully load...
2025-06-26 06:34:19,874 - ig_scraper - INFO - Waiting for login page to fully load...
2025-06-26 06:34:19,874 - ig_scraper - INFO - Waiting for login page to fully load...
2025-06-26 06:34:19,874 - ig_scraper - INFO - Waiting for login page to fully load...
2025-06-26 06:34:27,908 - ig_scraper - INFO - Current URL: https://www.instagram.com/accounts/login/
2025-06-26 06:34:27,908 - ig_scraper - INFO - Current URL: https://www.instagram.com/accounts/login/
2025-06-26 06:34:27,908 - ig_scraper - INFO - Current URL: https://www.instagram.com/accounts/login/
2025-06-26 06:34:27,908 - ig_scraper - INFO - Current URL: https://www.instagram.com/accounts/login/
2025-06-26 06:34:27,908 - ig_scraper - INFO - Current URL: https://www.instagram.com/accounts/login/
2025-06-26 06:34:27,909 - ig_scraper - WARNING - Still on login page, login may have failed
2025-06-26 06:34:27,909 - ig_scraper - WARNING - Still on login page, login may have failed
2025-06-26 06:34:27,909 - ig_scraper - WARNING - Still on login page, login may have failed
2025-06-26 06:34:27,909 - ig_scraper - WARNING - Still on login page, login may have failed
2025-06-26 06:34:27,909 - ig_scraper - WARNING - Still on login page, login may have failed
2025-06-26 06:34:27,909 - ig_scraper - INFO - Login check failed, waiting longer before retry...
2025-06-26 06:34:27,909 - ig_scraper - INFO - Login check failed, waiting longer before retry...
2025-06-26 06:34:27,909 - ig_scraper - INFO - Login check failed, waiting longer before retry...
2025-06-26 06:34:27,909 - ig_scraper - INFO - Login check failed, waiting longer before retry...
2025-06-26 06:34:27,909 - ig_scraper - INFO - Login check failed, waiting longer before retry...
2025-06-26 06:34:35,909 - ig_scraper - INFO - Checking login success (attempt 2/3)
2025-06-26 06:34:35,909 - ig_scraper - INFO - Checking login success (attempt 2/3)
2025-06-26 06:34:35,909 - ig_scraper - INFO - Checking login success (attempt 2/3)
2025-06-26 06:34:35,909 - ig_scraper - INFO - Checking login success (attempt 2/3)
2025-06-26 06:34:35,909 - ig_scraper - INFO - Checking login success (attempt 2/3)
2025-06-26 06:34:35,909 - ig_scraper - INFO - Waiting for login page to fully load...
2025-06-26 06:34:35,909 - ig_scraper - INFO - Waiting for login page to fully load...
2025-06-26 06:34:35,909 - ig_scraper - INFO - Waiting for login page to fully load...
2025-06-26 06:34:35,909 - ig_scraper - INFO - Waiting for login page to fully load...
2025-06-26 06:34:35,909 - ig_scraper - INFO - Waiting for login page to fully load...
2025-06-26 06:34:41,004 - ig_scraper - INFO - Current URL: https://www.instagram.com/accounts/login/
2025-06-26 06:34:41,004 - ig_scraper - INFO - Current URL: https://www.instagram.com/accounts/login/
2025-06-26 06:34:41,004 - ig_scraper - INFO - Current URL: https://www.instagram.com/accounts/login/
2025-06-26 06:34:41,004 - ig_scraper - INFO - Current URL: https://www.instagram.com/accounts/login/
2025-06-26 06:34:41,004 - ig_scraper - INFO - Current URL: https://www.instagram.com/accounts/login/
2025-06-26 06:34:41,005 - ig_scraper - WARNING - Still on login page, login may have failed
2025-06-26 06:34:41,005 - ig_scraper - WARNING - Still on login page, login may have failed
2025-06-26 06:34:41,005 - ig_scraper - WARNING - Still on login page, login may have failed
2025-06-26 06:34:41,005 - ig_scraper - WARNING - Still on login page, login may have failed
2025-06-26 06:34:41,005 - ig_scraper - WARNING - Still on login page, login may have failed
2025-06-26 06:34:41,005 - ig_scraper - INFO - Login check failed, waiting longer before retry...
2025-06-26 06:34:41,005 - ig_scraper - INFO - Login check failed, waiting longer before retry...
2025-06-26 06:34:41,005 - ig_scraper - INFO - Login check failed, waiting longer before retry...
2025-06-26 06:34:41,005 - ig_scraper - INFO - Login check failed, waiting longer before retry...
2025-06-26 06:34:41,005 - ig_scraper - INFO - Login check failed, waiting longer before retry...
2025-06-26 06:34:49,005 - ig_scraper - INFO - Checking login success (attempt 3/3)
2025-06-26 06:34:49,005 - ig_scraper - INFO - Checking login success (attempt 3/3)
2025-06-26 06:34:49,005 - ig_scraper - INFO - Checking login success (attempt 3/3)
2025-06-26 06:34:49,005 - ig_scraper - INFO - Checking login success (attempt 3/3)
2025-06-26 06:34:49,005 - ig_scraper - INFO - Checking login success (attempt 3/3)
2025-06-26 06:34:49,006 - ig_scraper - INFO - Waiting for login page to fully load...
2025-06-26 06:34:49,006 - ig_scraper - INFO - Waiting for login page to fully load...
2025-06-26 06:34:49,006 - ig_scraper - INFO - Waiting for login page to fully load...
2025-06-26 06:34:49,006 - ig_scraper - INFO - Waiting for login page to fully load...
2025-06-26 06:34:49,006 - ig_scraper - INFO - Waiting for login page to fully load...
2025-06-26 06:37:31,659 - ig_scraper - INFO - Login success confirmed - at Instagram home page
2025-06-26 06:37:31,659 - ig_scraper - INFO - Login success confirmed - at Instagram home page
2025-06-26 06:37:31,659 - ig_scraper - INFO - Login success confirmed - at Instagram home page
2025-06-26 06:37:31,659 - ig_scraper - INFO - Login success confirmed - at Instagram home page
2025-06-26 06:37:31,659 - ig_scraper - INFO - Login success confirmed - at Instagram home page
2025-06-26 06:37:31,668 - ig_scraper - INFO - Successfully logged in with account: eprosine009
2025-06-26 06:37:31,668 - ig_scraper - INFO - Successfully logged in with account: eprosine009
2025-06-26 06:37:31,668 - ig_scraper - INFO - Successfully logged in with account: eprosine009
2025-06-26 06:37:31,668 - ig_scraper - INFO - Successfully logged in with account: eprosine009
2025-06-26 06:37:31,668 - ig_scraper - INFO - Successfully logged in with account: eprosine009
2025-06-26 06:37:31,668 - ig_scraper - INFO - Login successful - initializing search components...
2025-06-26 06:37:31,668 - ig_scraper - INFO - Login successful - initializing search components...
2025-06-26 06:37:31,668 - ig_scraper - INFO - Login successful - initializing search components...
2025-06-26 06:37:31,668 - ig_scraper - INFO - Login successful - initializing search components...
2025-06-26 06:37:31,668 - ig_scraper - INFO - Login successful - initializing search components...
2025-06-26 06:37:31,668 - ig_scraper - INFO - Verifying location search capability
2025-06-26 06:37:31,668 - ig_scraper - INFO - Verifying location search capability
2025-06-26 06:37:31,668 - ig_scraper - INFO - Verifying location search capability
2025-06-26 06:37:31,668 - ig_scraper - INFO - Verifying location search capability
2025-06-26 06:37:31,668 - ig_scraper - INFO - Verifying location search capability
2025-06-26 06:38:53,119 - ig_scraper - WARNING - Location search capability not available
2025-06-26 06:38:53,119 - ig_scraper - WARNING - Location search capability not available
2025-06-26 06:38:53,119 - ig_scraper - WARNING - Location search capability not available
2025-06-26 06:38:53,119 - ig_scraper - WARNING - Location search capability not available
2025-06-26 06:38:53,119 - ig_scraper - WARNING - Location search capability not available
2025-06-26 06:38:53,119 - ig_scraper - INFO - Verifying account search capability
2025-06-26 06:38:53,119 - ig_scraper - INFO - Verifying account search capability
2025-06-26 06:38:53,119 - ig_scraper - INFO - Verifying account search capability
2025-06-26 06:38:53,119 - ig_scraper - INFO - Verifying account search capability
2025-06-26 06:38:53,119 - ig_scraper - INFO - Verifying account search capability
2025-06-26 06:42:30,082 - ig_scraper - INFO - Account search capability verified
2025-06-26 06:42:30,082 - ig_scraper - INFO - Account search capability verified
2025-06-26 06:42:30,082 - ig_scraper - INFO - Account search capability verified
2025-06-26 06:42:30,082 - ig_scraper - INFO - Account search capability verified
2025-06-26 06:42:30,082 - ig_scraper - INFO - Account search capability verified
2025-06-26 06:42:30,082 - ig_scraper - INFO - Phase 5 initialization completed successfully
2025-06-26 06:42:30,082 - ig_scraper - INFO - Phase 5 initialization completed successfully
2025-06-26 06:42:30,082 - ig_scraper - INFO - Phase 5 initialization completed successfully
2025-06-26 06:42:30,082 - ig_scraper - INFO - Phase 5 initialization completed successfully
2025-06-26 06:42:30,082 - ig_scraper - INFO - Phase 5 initialization completed successfully
2025-06-26 06:42:30,082 - ig_scraper - INFO - Location search available: False
2025-06-26 06:42:30,082 - ig_scraper - INFO - Location search available: False
2025-06-26 06:42:30,082 - ig_scraper - INFO - Location search available: False
2025-06-26 06:42:30,082 - ig_scraper - INFO - Location search available: False
2025-06-26 06:42:30,082 - ig_scraper - INFO - Location search available: False
2025-06-26 06:42:30,083 - ig_scraper - INFO - Account search available: True
2025-06-26 06:42:30,083 - ig_scraper - INFO - Account search available: True
2025-06-26 06:42:30,083 - ig_scraper - INFO - Account search available: True
2025-06-26 06:42:30,083 - ig_scraper - INFO - Account search available: True
2025-06-26 06:42:30,083 - ig_scraper - INFO - Account search available: True
2025-06-26 06:42:30,083 - ig_scraper - INFO - === Phase 5: Suspected Account Search ===
2025-06-26 06:42:30,083 - ig_scraper - INFO - === Phase 5: Suspected Account Search ===
2025-06-26 06:42:30,083 - ig_scraper - INFO - === Phase 5: Suspected Account Search ===
2025-06-26 06:42:30,083 - ig_scraper - INFO - === Phase 5: Suspected Account Search ===
2025-06-26 06:42:30,083 - ig_scraper - INFO - === Phase 5: Suspected Account Search ===
2025-06-26 06:42:30,083 - ig_scraper - INFO - Searching posts from suspected account: suspended_user_test_123
2025-06-26 06:42:30,083 - ig_scraper - INFO - Searching posts from suspected account: suspended_user_test_123
2025-06-26 06:42:30,083 - ig_scraper - INFO - Searching posts from suspected account: suspended_user_test_123
2025-06-26 06:42:30,083 - ig_scraper - INFO - Searching posts from suspected account: suspended_user_test_123
2025-06-26 06:42:30,083 - ig_scraper - INFO - Searching posts from suspected account: suspended_user_test_123
2025-06-26 06:42:30,083 - INFO - [detailed_1750894410] - === SESSION START ===
2025-06-26 06:42:30,083 - INFO - [detailed_1750894410] - Session ID: 1750894410
2025-06-26 06:42:30,083 - INFO - [detailed_1750894410] - Search Type: suspected_account
2025-06-26 06:42:30,083 - INFO - [detailed_1750894410] - Search Target: suspended_user_test_123
2025-06-26 06:42:30,083 - INFO - [detailed_1750894410] - Parameters: {
  "post_count": 5,
  "comment_count": 3,
  "account_username": "suspended_user_test_123"
}
2025-06-26 06:42:30,083 - ig_scraper - INFO - Retrieving account info for: suspended_user_test_123
2025-06-26 06:42:30,083 - ig_scraper - INFO - Retrieving account info for: suspended_user_test_123
2025-06-26 06:42:30,083 - ig_scraper - INFO - Retrieving account info for: suspended_user_test_123
2025-06-26 06:42:30,083 - ig_scraper - INFO - Retrieving account info for: suspended_user_test_123
2025-06-26 06:42:30,083 - ig_scraper - INFO - Retrieving account info for: suspended_user_test_123
2025-06-26 06:43:25,407 - ig_scraper - INFO - Successfully retrieved account info for: suspended_user_test_123
2025-06-26 06:43:25,407 - ig_scraper - INFO - Successfully retrieved account info for: suspended_user_test_123
2025-06-26 06:43:25,407 - ig_scraper - INFO - Successfully retrieved account info for: suspended_user_test_123
2025-06-26 06:43:25,407 - ig_scraper - INFO - Successfully retrieved account info for: suspended_user_test_123
2025-06-26 06:43:25,407 - ig_scraper - INFO - Successfully retrieved account info for: suspended_user_test_123
2025-06-26 06:43:25,407 - INFO - [detailed_1750894410] - Search Operation: Account Information Retrieved
2025-06-26 06:43:25,407 - INFO - [detailed_1750894410] - Details: {
  "account": "suspended_user_test_123",
  "accessible": true
}
2025-06-26 06:43:25,407 - ig_scraper - INFO - Starting suspected account search for: suspended_user_test_123
2025-06-26 06:43:25,407 - ig_scraper - INFO - Starting suspected account search for: suspended_user_test_123
2025-06-26 06:43:25,407 - ig_scraper - INFO - Starting suspected account search for: suspended_user_test_123
2025-06-26 06:43:25,407 - ig_scraper - INFO - Starting suspected account search for: suspended_user_test_123
2025-06-26 06:43:25,407 - ig_scraper - INFO - Starting suspected account search for: suspended_user_test_123
2025-06-26 06:44:25,678 - ig_scraper - INFO - Collecting 5 posts from account: suspended_user_test_123
2025-06-26 06:44:25,678 - ig_scraper - INFO - Collecting 5 posts from account: suspended_user_test_123
2025-06-26 06:44:25,678 - ig_scraper - INFO - Collecting 5 posts from account: suspended_user_test_123
2025-06-26 06:44:25,678 - ig_scraper - INFO - Collecting 5 posts from account: suspended_user_test_123
2025-06-26 06:44:25,678 - ig_scraper - INFO - Collecting 5 posts from account: suspended_user_test_123
2025-06-26 06:44:34,160 - ig_scraper - INFO - Found 0 unique post elements on scroll 1
2025-06-26 06:44:34,160 - ig_scraper - INFO - Found 0 unique post elements on scroll 1
2025-06-26 06:44:34,160 - ig_scraper - INFO - Found 0 unique post elements on scroll 1
2025-06-26 06:44:34,160 - ig_scraper - INFO - Found 0 unique post elements on scroll 1
2025-06-26 06:44:34,160 - ig_scraper - INFO - Found 0 unique post elements on scroll 1
2025-06-26 06:44:37,187 - ig_scraper - INFO - Found 0 unique post elements on scroll 2
2025-06-26 06:44:37,187 - ig_scraper - INFO - Found 0 unique post elements on scroll 2
2025-06-26 06:44:37,187 - ig_scraper - INFO - Found 0 unique post elements on scroll 2
2025-06-26 06:44:37,187 - ig_scraper - INFO - Found 0 unique post elements on scroll 2
2025-06-26 06:44:37,187 - ig_scraper - INFO - Found 0 unique post elements on scroll 2
2025-06-26 06:44:40,213 - ig_scraper - INFO - Found 0 unique post elements on scroll 3
2025-06-26 06:44:40,213 - ig_scraper - INFO - Found 0 unique post elements on scroll 3
2025-06-26 06:44:40,213 - ig_scraper - INFO - Found 0 unique post elements on scroll 3
2025-06-26 06:44:40,213 - ig_scraper - INFO - Found 0 unique post elements on scroll 3
2025-06-26 06:44:40,213 - ig_scraper - INFO - Found 0 unique post elements on scroll 3
2025-06-26 06:44:43,239 - ig_scraper - INFO - Found 0 unique post elements on scroll 4
2025-06-26 06:44:43,239 - ig_scraper - INFO - Found 0 unique post elements on scroll 4
2025-06-26 06:44:43,239 - ig_scraper - INFO - Found 0 unique post elements on scroll 4
2025-06-26 06:44:43,239 - ig_scraper - INFO - Found 0 unique post elements on scroll 4
2025-06-26 06:44:43,239 - ig_scraper - INFO - Found 0 unique post elements on scroll 4
2025-06-26 06:44:46,267 - ig_scraper - INFO - Found 0 unique post elements on scroll 5
2025-06-26 06:44:46,267 - ig_scraper - INFO - Found 0 unique post elements on scroll 5
2025-06-26 06:44:46,267 - ig_scraper - INFO - Found 0 unique post elements on scroll 5
2025-06-26 06:44:46,267 - ig_scraper - INFO - Found 0 unique post elements on scroll 5
2025-06-26 06:44:46,267 - ig_scraper - INFO - Found 0 unique post elements on scroll 5
2025-06-26 06:44:49,273 - ig_scraper - INFO - Successfully collected 0 posts from suspected account: suspended_user_test_123
2025-06-26 06:44:49,273 - ig_scraper - INFO - Successfully collected 0 posts from suspected account: suspended_user_test_123
2025-06-26 06:44:49,273 - ig_scraper - INFO - Successfully collected 0 posts from suspected account: suspended_user_test_123
2025-06-26 06:44:49,273 - ig_scraper - INFO - Successfully collected 0 posts from suspected account: suspended_user_test_123
2025-06-26 06:44:49,273 - ig_scraper - INFO - Successfully collected 0 posts from suspected account: suspended_user_test_123
2025-06-26 06:44:49,273 - ig_scraper - WARNING - No posts found for account: suspended_user_test_123
2025-06-26 06:44:49,273 - ig_scraper - WARNING - No posts found for account: suspended_user_test_123
2025-06-26 06:44:49,273 - ig_scraper - WARNING - No posts found for account: suspended_user_test_123
2025-06-26 06:44:49,273 - ig_scraper - WARNING - No posts found for account: suspended_user_test_123
2025-06-26 06:44:49,273 - ig_scraper - WARNING - No posts found for account: suspended_user_test_123
2025-06-26 06:44:49,274 - ig_scraper - INFO - Phase 5 search results saved to output/phase5_suspected_account_suspended_user_test_123_1750895089.json
2025-06-26 06:44:49,274 - ig_scraper - INFO - Phase 5 search results saved to output/phase5_suspected_account_suspended_user_test_123_1750895089.json
2025-06-26 06:44:49,274 - ig_scraper - INFO - Phase 5 search results saved to output/phase5_suspected_account_suspended_user_test_123_1750895089.json
2025-06-26 06:44:49,274 - ig_scraper - INFO - Phase 5 search results saved to output/phase5_suspected_account_suspended_user_test_123_1750895089.json
2025-06-26 06:44:49,274 - ig_scraper - INFO - Phase 5 search results saved to output/phase5_suspected_account_suspended_user_test_123_1750895089.json
2025-06-26 06:44:49,351 - ig_scraper - INFO - WebDriver closed successfully
2025-06-26 06:44:49,351 - ig_scraper - INFO - WebDriver closed successfully
2025-06-26 06:44:49,351 - ig_scraper - INFO - WebDriver closed successfully
2025-06-26 06:44:49,351 - ig_scraper - INFO - WebDriver closed successfully
2025-06-26 06:44:49,351 - ig_scraper - INFO - WebDriver closed successfully
2025-06-26 06:44:49,352 - ig_scraper - INFO - Scraper resources cleaned up
2025-06-26 06:44:49,352 - ig_scraper - INFO - Scraper resources cleaned up
2025-06-26 06:44:49,352 - ig_scraper - INFO - Scraper resources cleaned up
2025-06-26 06:44:49,352 - ig_scraper - INFO - Scraper resources cleaned up
2025-06-26 06:44:49,352 - ig_scraper - INFO - Scraper resources cleaned up
