2025-06-26 03:50:31,863 - ig_scraper - INFO - === Instagram Profile Scraper - Phase 4 ===
2025-06-26 03:50:31,863 - ig_scraper - INFO - === Instagram Profile Scraper - Phase 4 ===
2025-06-26 03:50:31,863 - ig_scraper - INFO - === Instagram Profile Scraper - Phase 4 ===
2025-06-26 03:50:31,863 - ig_scraper - INFO - === Instagram Profile Scraper - Phase 4 ===
2025-06-26 03:50:31,863 - ig_scraper - INFO - === Instagram Profile Scraper - Phase 4 ===
2025-06-26 03:50:31,863 - ig_scraper - INFO - === Instagram Profile Scraper - Phase 4 ===
2025-06-26 03:50:31,863 - ig_scraper - INFO - === Instagram Profile Scraper - Phase 4 ===
2025-06-26 03:50:31,863 - ig_scraper - INFO - === Instagram Profile Scraper - Phase 4 ===
2025-06-26 03:50:31,863 - ig_scraper - INFO - === Instagram Profile Scraper - Phase 4 ===
2025-06-26 03:50:31,863 - ig_scraper - INFO - === Instagram Profile Scraper - Phase 4 ===
2025-06-26 03:50:31,863 - ig_scraper - INFO - === Instagram Profile Scraper - Phase 4 ===
2025-06-26 03:50:31,863 - ig_scraper - INFO - === Instagram Profile Scraper - Phase 4 ===
2025-06-26 03:50:31,863 - ig_scraper - INFO - === Instagram Profile Scraper - Phase 4 ===
2025-06-26 03:50:31,864 - ig_scraper - INFO - Initializing scraper with advanced parsing and cleaning...
2025-06-26 03:50:31,864 - ig_scraper - INFO - Initializing scraper with advanced parsing and cleaning...
2025-06-26 03:50:31,864 - ig_scraper - INFO - Initializing scraper with advanced parsing and cleaning...
2025-06-26 03:50:31,864 - ig_scraper - INFO - Initializing scraper with advanced parsing and cleaning...
2025-06-26 03:50:31,864 - ig_scraper - INFO - Initializing scraper with advanced parsing and cleaning...
2025-06-26 03:50:31,864 - ig_scraper - INFO - Initializing scraper with advanced parsing and cleaning...
2025-06-26 03:50:31,864 - ig_scraper - INFO - Initializing scraper with advanced parsing and cleaning...
2025-06-26 03:50:31,864 - ig_scraper - INFO - Initializing scraper with advanced parsing and cleaning...
2025-06-26 03:50:31,864 - ig_scraper - INFO - Initializing scraper with advanced parsing and cleaning...
2025-06-26 03:50:31,864 - ig_scraper - INFO - Initializing scraper with advanced parsing and cleaning...
2025-06-26 03:50:31,864 - ig_scraper - INFO - Initializing scraper with advanced parsing and cleaning...
2025-06-26 03:50:31,864 - ig_scraper - INFO - Initializing scraper with advanced parsing and cleaning...
2025-06-26 03:50:31,864 - ig_scraper - INFO - Initializing scraper with advanced parsing and cleaning...
2025-06-26 03:50:31,864 - ig_scraper - INFO - Using ChromeDriver at: /usr/bin/chromedriver
2025-06-26 03:50:31,864 - ig_scraper - INFO - Using ChromeDriver at: /usr/bin/chromedriver
2025-06-26 03:50:31,864 - ig_scraper - INFO - Using ChromeDriver at: /usr/bin/chromedriver
2025-06-26 03:50:31,864 - ig_scraper - INFO - Using ChromeDriver at: /usr/bin/chromedriver
2025-06-26 03:50:31,864 - ig_scraper - INFO - Using ChromeDriver at: /usr/bin/chromedriver
2025-06-26 03:50:31,864 - ig_scraper - INFO - Using ChromeDriver at: /usr/bin/chromedriver
2025-06-26 03:50:31,864 - ig_scraper - INFO - Using ChromeDriver at: /usr/bin/chromedriver
2025-06-26 03:50:31,864 - ig_scraper - INFO - Using ChromeDriver at: /usr/bin/chromedriver
2025-06-26 03:50:31,864 - ig_scraper - INFO - Using ChromeDriver at: /usr/bin/chromedriver
2025-06-26 03:50:31,864 - ig_scraper - INFO - Using ChromeDriver at: /usr/bin/chromedriver
2025-06-26 03:50:31,864 - ig_scraper - INFO - Using ChromeDriver at: /usr/bin/chromedriver
2025-06-26 03:50:31,864 - ig_scraper - INFO - Using ChromeDriver at: /usr/bin/chromedriver
2025-06-26 03:50:31,864 - ig_scraper - INFO - Using ChromeDriver at: /usr/bin/chromedriver
2025-06-26 03:50:31,864 - ig_scraper - INFO - Using ChromeDriver at: /usr/bin/chromedriver
2025-06-26 03:50:31,864 - ig_scraper - INFO - Using ChromeDriver at: /usr/bin/chromedriver
2025-06-26 03:50:31,864 - ig_scraper - INFO - Using ChromeDriver at: /usr/bin/chromedriver
2025-06-26 03:50:31,864 - ig_scraper - INFO - Using ChromeDriver at: /usr/bin/chromedriver
2025-06-26 03:50:32,754 - ig_scraper - INFO - WebDriver initialized successfully
2025-06-26 03:50:32,754 - ig_scraper - INFO - WebDriver initialized successfully
2025-06-26 03:50:32,754 - ig_scraper - INFO - WebDriver initialized successfully
2025-06-26 03:50:32,754 - ig_scraper - INFO - WebDriver initialized successfully
2025-06-26 03:50:32,754 - ig_scraper - INFO - WebDriver initialized successfully
2025-06-26 03:50:32,754 - ig_scraper - INFO - WebDriver initialized successfully
2025-06-26 03:50:32,754 - ig_scraper - INFO - WebDriver initialized successfully
2025-06-26 03:50:32,754 - ig_scraper - INFO - WebDriver initialized successfully
2025-06-26 03:50:32,754 - ig_scraper - INFO - WebDriver initialized successfully
2025-06-26 03:50:32,754 - ig_scraper - INFO - WebDriver initialized successfully
2025-06-26 03:50:32,754 - ig_scraper - INFO - WebDriver initialized successfully
2025-06-26 03:50:32,754 - ig_scraper - INFO - WebDriver initialized successfully
2025-06-26 03:50:32,754 - ig_scraper - INFO - WebDriver initialized successfully
2025-06-26 03:50:32,754 - ig_scraper - INFO - WebDriver initialized successfully
2025-06-26 03:50:32,754 - ig_scraper - INFO - WebDriver initialized successfully
2025-06-26 03:50:32,754 - ig_scraper - INFO - WebDriver initialized successfully
2025-06-26 03:50:32,754 - ig_scraper - INFO - WebDriver initialized successfully
2025-06-26 03:50:32,754 - ig_scraper - INFO - Attempting login with account: eprosine009
2025-06-26 03:50:32,754 - ig_scraper - INFO - Attempting login with account: eprosine009
2025-06-26 03:50:32,754 - ig_scraper - INFO - Attempting login with account: eprosine009
2025-06-26 03:50:32,754 - ig_scraper - INFO - Attempting login with account: eprosine009
2025-06-26 03:50:32,754 - ig_scraper - INFO - Attempting login with account: eprosine009
2025-06-26 03:50:32,754 - ig_scraper - INFO - Attempting login with account: eprosine009
2025-06-26 03:50:32,754 - ig_scraper - INFO - Attempting login with account: eprosine009
2025-06-26 03:50:32,754 - ig_scraper - INFO - Attempting login with account: eprosine009
2025-06-26 03:50:32,754 - ig_scraper - INFO - Attempting login with account: eprosine009
2025-06-26 03:50:32,754 - ig_scraper - INFO - Attempting login with account: eprosine009
2025-06-26 03:50:32,754 - ig_scraper - INFO - Attempting login with account: eprosine009
2025-06-26 03:50:32,754 - ig_scraper - INFO - Attempting login with account: eprosine009
2025-06-26 03:50:32,754 - ig_scraper - INFO - Attempting login with account: eprosine009
2025-06-26 03:50:32,754 - ig_scraper - INFO - Attempting login with account: eprosine009
2025-06-26 03:50:32,754 - ig_scraper - INFO - Attempting login with account: eprosine009
2025-06-26 03:50:32,754 - ig_scraper - INFO - Attempting login with account: eprosine009
2025-06-26 03:50:32,754 - ig_scraper - INFO - Attempting login with account: eprosine009
2025-06-26 03:50:42,468 - ig_scraper - INFO - Successfully loaded existing session for: eprosine009
2025-06-26 03:50:42,468 - ig_scraper - INFO - Successfully loaded existing session for: eprosine009
2025-06-26 03:50:42,468 - ig_scraper - INFO - Successfully loaded existing session for: eprosine009
2025-06-26 03:50:42,468 - ig_scraper - INFO - Successfully loaded existing session for: eprosine009
2025-06-26 03:50:42,468 - ig_scraper - INFO - Successfully loaded existing session for: eprosine009
2025-06-26 03:50:42,468 - ig_scraper - INFO - Successfully loaded existing session for: eprosine009
2025-06-26 03:50:42,468 - ig_scraper - INFO - Successfully loaded existing session for: eprosine009
2025-06-26 03:50:42,468 - ig_scraper - INFO - Successfully loaded existing session for: eprosine009
2025-06-26 03:50:42,468 - ig_scraper - INFO - Successfully loaded existing session for: eprosine009
2025-06-26 03:50:42,468 - ig_scraper - INFO - Successfully loaded existing session for: eprosine009
2025-06-26 03:50:42,468 - ig_scraper - INFO - Successfully loaded existing session for: eprosine009
2025-06-26 03:50:42,468 - ig_scraper - INFO - Successfully loaded existing session for: eprosine009
2025-06-26 03:50:42,468 - ig_scraper - INFO - Successfully loaded existing session for: eprosine009
2025-06-26 03:50:42,468 - ig_scraper - INFO - Successfully loaded existing session for: eprosine009
2025-06-26 03:50:42,468 - ig_scraper - INFO - Successfully loaded existing session for: eprosine009
2025-06-26 03:50:42,468 - ig_scraper - INFO - Successfully loaded existing session for: eprosine009
2025-06-26 03:50:42,468 - ig_scraper - INFO - Successfully loaded existing session for: eprosine009
2025-06-26 03:50:42,469 - ig_scraper - INFO - Scraper initialized successfully with Phase 4 enhancements
2025-06-26 03:50:42,469 - ig_scraper - INFO - Scraper initialized successfully with Phase 4 enhancements
2025-06-26 03:50:42,469 - ig_scraper - INFO - Scraper initialized successfully with Phase 4 enhancements
2025-06-26 03:50:42,469 - ig_scraper - INFO - Scraper initialized successfully with Phase 4 enhancements
2025-06-26 03:50:42,469 - ig_scraper - INFO - Scraper initialized successfully with Phase 4 enhancements
2025-06-26 03:50:42,469 - ig_scraper - INFO - Scraper initialized successfully with Phase 4 enhancements
2025-06-26 03:50:42,469 - ig_scraper - INFO - Scraper initialized successfully with Phase 4 enhancements
2025-06-26 03:50:42,469 - ig_scraper - INFO - Scraper initialized successfully with Phase 4 enhancements
2025-06-26 03:50:42,469 - ig_scraper - INFO - Scraper initialized successfully with Phase 4 enhancements
2025-06-26 03:50:42,469 - ig_scraper - INFO - Scraper initialized successfully with Phase 4 enhancements
2025-06-26 03:50:42,469 - ig_scraper - INFO - Scraper initialized successfully with Phase 4 enhancements
2025-06-26 03:50:42,469 - ig_scraper - INFO - Scraper initialized successfully with Phase 4 enhancements
2025-06-26 03:50:42,469 - ig_scraper - INFO - Scraper initialized successfully with Phase 4 enhancements
2025-06-26 03:50:42,469 - ig_scraper - INFO - Scraper initialized successfully with Phase 4 enhancements
2025-06-26 03:50:42,469 - ig_scraper - INFO - Scraper initialized successfully with Phase 4 enhancements
2025-06-26 03:50:42,469 - ig_scraper - INFO - Scraper initialized successfully with Phase 4 enhancements
2025-06-26 03:50:42,469 - ig_scraper - INFO - Scraper initialized successfully with Phase 4 enhancements
2025-06-26 03:50:42,543 - ig_scraper - INFO - Filtered posts: 2 -> 1 (min quality: 0.5)
2025-06-26 03:50:42,543 - ig_scraper - INFO - Filtered posts: 2 -> 1 (min quality: 0.5)
2025-06-26 03:50:42,543 - ig_scraper - INFO - Filtered posts: 2 -> 1 (min quality: 0.5)
2025-06-26 03:50:42,543 - ig_scraper - INFO - Filtered posts: 2 -> 1 (min quality: 0.5)
2025-06-26 03:50:42,543 - ig_scraper - INFO - Filtered posts: 2 -> 1 (min quality: 0.5)
2025-06-26 03:50:42,543 - ig_scraper - INFO - Filtered posts: 2 -> 1 (min quality: 0.5)
2025-06-26 03:50:42,543 - ig_scraper - INFO - Filtered posts: 2 -> 1 (min quality: 0.5)
2025-06-26 03:50:42,543 - ig_scraper - INFO - Filtered posts: 2 -> 1 (min quality: 0.5)
2025-06-26 03:50:42,543 - ig_scraper - INFO - Filtered posts: 2 -> 1 (min quality: 0.5)
2025-06-26 03:50:42,543 - ig_scraper - INFO - Filtered posts: 2 -> 1 (min quality: 0.5)
2025-06-26 03:50:42,543 - ig_scraper - INFO - Filtered posts: 2 -> 1 (min quality: 0.5)
2025-06-26 03:50:42,543 - ig_scraper - INFO - Filtered posts: 2 -> 1 (min quality: 0.5)
2025-06-26 03:50:42,543 - ig_scraper - INFO - Filtered posts: 2 -> 1 (min quality: 0.5)
2025-06-26 03:50:42,543 - ig_scraper - INFO - Filtered posts: 2 -> 1 (min quality: 0.5)
2025-06-26 03:50:42,543 - ig_scraper - INFO - Filtered posts: 2 -> 1 (min quality: 0.5)
2025-06-26 03:50:42,543 - ig_scraper - INFO - Filtered posts: 2 -> 1 (min quality: 0.5)
2025-06-26 03:50:42,543 - ig_scraper - INFO - Filtered posts: 2 -> 1 (min quality: 0.5)
