2025-06-26 15:51:38,502 - ig_scraper - INFO - === Instagram Profile Scraper - Phase 7 ===
2025-06-26 15:51:38,502 - ig_scraper - INFO - HTTP Endpoint Implementation
2025-06-26 15:51:38,502 - ig_scraper - INFO - Starting Flask API server...
2025-06-26 15:51:38,505 - ig_scraper - INFO - Server configuration:
2025-06-26 15:51:38,505 - ig_scraper - INFO - Server configuration:
2025-06-26 15:51:38,505 - ig_scraper - INFO - - Host: 0.0.0.0
2025-06-26 15:51:38,505 - ig_scraper - INFO - - Host: 0.0.0.0
2025-06-26 15:51:38,505 - ig_scraper - INFO - - Port: 5000
2025-06-26 15:51:38,505 - ig_scraper - INFO - - Port: 5000
2025-06-26 15:51:38,505 - ig_scraper - INFO - - Debug: False
2025-06-26 15:51:38,505 - ig_scraper - INFO - - Debug: False
2025-06-26 15:51:38,505 - ig_scraper - INFO - Available endpoints:
2025-06-26 15:51:38,505 - ig_scraper - INFO - Available endpoints:
2025-06-26 15:51:38,505 - ig_scraper - INFO - - GET  /health - Health check
2025-06-26 15:51:38,505 - ig_scraper - INFO - - GET  /health - Health check
2025-06-26 15:51:38,505 - ig_scraper - INFO - - POST /scrape - Scraping endpoint
2025-06-26 15:51:38,505 - ig_scraper - INFO - - POST /scrape - Scraping endpoint
2025-06-26 15:51:38,505 - ig_scraper - INFO - 
2025-06-26 15:51:38,505 - ig_scraper - INFO - 
2025-06-26 15:51:38,505 - ig_scraper - INFO - Example API usage:
2025-06-26 15:51:38,505 - ig_scraper - INFO - Example API usage:
2025-06-26 15:51:38,505 - ig_scraper - INFO - curl -X POST http://localhost:5000/scrape \
2025-06-26 15:51:38,505 - ig_scraper - INFO - curl -X POST http://localhost:5000/scrape \
2025-06-26 15:51:38,506 - ig_scraper - INFO -   -H 'Content-Type: application/json' \
2025-06-26 15:51:38,506 - ig_scraper - INFO -   -H 'Content-Type: application/json' \
2025-06-26 15:51:38,506 - ig_scraper - INFO -   -d '{
2025-06-26 15:51:38,506 - ig_scraper - INFO -   -d '{
2025-06-26 15:51:38,506 - ig_scraper - INFO -     "accounts": [{"username": "user1", "password": "pass1"}],
2025-06-26 15:51:38,506 - ig_scraper - INFO -     "accounts": [{"username": "user1", "password": "pass1"}],
2025-06-26 15:51:38,506 - ig_scraper - INFO -     "suspected_account": "malangraya_info",
2025-06-26 15:51:38,506 - ig_scraper - INFO -     "suspected_account": "malangraya_info",
2025-06-26 15:51:38,506 - ig_scraper - INFO -     "post_count": 10,
2025-06-26 15:51:38,506 - ig_scraper - INFO -     "post_count": 10,
2025-06-26 15:51:38,506 - ig_scraper - INFO -     "comment_count": 5
2025-06-26 15:51:38,506 - ig_scraper - INFO -     "comment_count": 5
2025-06-26 15:51:38,506 - ig_scraper - INFO -   }'
2025-06-26 15:51:38,506 - ig_scraper - INFO -   }'
2025-06-26 15:51:38,506 - ig_scraper - INFO - 
2025-06-26 15:51:38,506 - ig_scraper - INFO - 
2025-06-26 15:51:38,506 - ig_scraper - INFO - Starting Instagram Scraping API server on 0.0.0.0:5000
2025-06-26 15:51:38,506 - ig_scraper - INFO - Starting Instagram Scraping API server on 0.0.0.0:5000
2025-06-26 15:51:43,338 - ig_scraper - INFO - Received signal 15, initiating graceful shutdown...
2025-06-26 15:51:43,338 - ig_scraper - INFO - Received signal 15, initiating graceful shutdown...
2025-06-26 15:51:43,338 - ig_scraper - INFO - Cleaning up resources...
2025-06-26 15:51:43,338 - ig_scraper - INFO - Cleaning up resources...
2025-06-26 15:51:43,339 - ig_scraper - INFO - Phase 7 cleanup completed
2025-06-26 15:51:43,339 - ig_scraper - INFO - Phase 7 cleanup completed
2025-06-26 15:51:43,339 - ig_scraper - INFO - Cleaning up resources...
2025-06-26 15:51:43,339 - ig_scraper - INFO - Cleaning up resources...
2025-06-26 15:51:43,339 - ig_scraper - INFO - Phase 7 cleanup completed
2025-06-26 15:51:43,339 - ig_scraper - INFO - Phase 7 cleanup completed
