2025-06-26 05:57:18,357 - ig_scraper - INFO - === Instagram Profile Scraper - Phase 5 ===
2025-06-26 05:57:18,357 - ig_scraper - INFO - Initializing scraper with search capabilities...
2025-06-26 05:57:18,357 - ig_scraper - INFO - Using ChromeDriver at: /usr/bin/chromedriver
2025-06-26 05:57:18,357 - ig_scraper - INFO - Using ChromeDriver at: /usr/bin/chromedriver
2025-06-26 05:57:18,357 - ig_scraper - INFO - Using ChromeDriver at: /usr/bin/chromedriver
2025-06-26 05:57:18,357 - ig_scraper - INFO - Using ChromeDriver at: /usr/bin/chromedriver
2025-06-26 05:57:18,357 - ig_scraper - INFO - Using ChromeDriver at: /usr/bin/chromedriver
2025-06-26 05:57:19,248 - ig_scraper - INFO - WebDriver initialized successfully
2025-06-26 05:57:19,248 - ig_scraper - INFO - WebDriver initialized successfully
2025-06-26 05:57:19,248 - ig_scraper - INFO - WebDriver initialized successfully
2025-06-26 05:57:19,248 - ig_scraper - INFO - WebDriver initialized successfully
2025-06-26 05:57:19,248 - ig_scraper - INFO - WebDriver initialized successfully
2025-06-26 05:57:19,249 - ig_scraper - INFO - Attempting login with account: eprosine009
2025-06-26 05:57:19,249 - ig_scraper - INFO - Attempting login with account: eprosine009
2025-06-26 05:57:19,249 - ig_scraper - INFO - Attempting login with account: eprosine009
2025-06-26 05:57:19,249 - ig_scraper - INFO - Attempting login with account: eprosine009
2025-06-26 05:57:19,249 - ig_scraper - INFO - Attempting login with account: eprosine009
2025-06-26 05:57:49,742 - ig_scraper - INFO - Navigating to login page...
2025-06-26 05:57:49,742 - ig_scraper - INFO - Navigating to login page...
2025-06-26 05:57:49,742 - ig_scraper - INFO - Navigating to login page...
2025-06-26 05:57:49,742 - ig_scraper - INFO - Navigating to login page...
2025-06-26 05:57:49,742 - ig_scraper - INFO - Navigating to login page...
2025-06-26 05:57:59,039 - ig_scraper - INFO - Login form submitted
2025-06-26 05:57:59,039 - ig_scraper - INFO - Login form submitted
2025-06-26 05:57:59,039 - ig_scraper - INFO - Login form submitted
2025-06-26 05:57:59,039 - ig_scraper - INFO - Login form submitted
2025-06-26 05:57:59,039 - ig_scraper - INFO - Login form submitted
2025-06-26 05:57:59,039 - ig_scraper - INFO - Waiting for login to process (extended timeout)...
2025-06-26 05:57:59,039 - ig_scraper - INFO - Waiting for login to process (extended timeout)...
2025-06-26 05:57:59,039 - ig_scraper - INFO - Waiting for login to process (extended timeout)...
2025-06-26 05:57:59,039 - ig_scraper - INFO - Waiting for login to process (extended timeout)...
2025-06-26 05:57:59,039 - ig_scraper - INFO - Waiting for login to process (extended timeout)...
2025-06-26 05:58:12,560 - ig_scraper - INFO - Checking login success (attempt 1/3)
2025-06-26 05:58:12,560 - ig_scraper - INFO - Checking login success (attempt 1/3)
2025-06-26 05:58:12,560 - ig_scraper - INFO - Checking login success (attempt 1/3)
2025-06-26 05:58:12,560 - ig_scraper - INFO - Checking login success (attempt 1/3)
2025-06-26 05:58:12,560 - ig_scraper - INFO - Checking login success (attempt 1/3)
2025-06-26 05:58:12,560 - ig_scraper - INFO - Waiting for login page to fully load...
2025-06-26 05:58:12,560 - ig_scraper - INFO - Waiting for login page to fully load...
2025-06-26 05:58:12,560 - ig_scraper - INFO - Waiting for login page to fully load...
2025-06-26 05:58:12,560 - ig_scraper - INFO - Waiting for login page to fully load...
2025-06-26 05:58:12,560 - ig_scraper - INFO - Waiting for login page to fully load...
2025-06-26 05:58:17,648 - ig_scraper - WARNING - Still on login page, login may have failed
2025-06-26 05:58:17,648 - ig_scraper - WARNING - Still on login page, login may have failed
2025-06-26 05:58:17,648 - ig_scraper - WARNING - Still on login page, login may have failed
2025-06-26 05:58:17,648 - ig_scraper - WARNING - Still on login page, login may have failed
2025-06-26 05:58:17,648 - ig_scraper - WARNING - Still on login page, login may have failed
2025-06-26 05:58:17,648 - ig_scraper - INFO - Login check failed, waiting longer before retry...
2025-06-26 05:58:17,648 - ig_scraper - INFO - Login check failed, waiting longer before retry...
2025-06-26 05:58:17,648 - ig_scraper - INFO - Login check failed, waiting longer before retry...
2025-06-26 05:58:17,648 - ig_scraper - INFO - Login check failed, waiting longer before retry...
2025-06-26 05:58:17,648 - ig_scraper - INFO - Login check failed, waiting longer before retry...
2025-06-26 05:58:25,648 - ig_scraper - INFO - Checking login success (attempt 2/3)
2025-06-26 05:58:25,648 - ig_scraper - INFO - Checking login success (attempt 2/3)
2025-06-26 05:58:25,648 - ig_scraper - INFO - Checking login success (attempt 2/3)
2025-06-26 05:58:25,648 - ig_scraper - INFO - Checking login success (attempt 2/3)
2025-06-26 05:58:25,648 - ig_scraper - INFO - Checking login success (attempt 2/3)
2025-06-26 05:58:25,649 - ig_scraper - INFO - Waiting for login page to fully load...
2025-06-26 05:58:25,649 - ig_scraper - INFO - Waiting for login page to fully load...
2025-06-26 05:58:25,649 - ig_scraper - INFO - Waiting for login page to fully load...
2025-06-26 05:58:25,649 - ig_scraper - INFO - Waiting for login page to fully load...
2025-06-26 05:58:25,649 - ig_scraper - INFO - Waiting for login page to fully load...
2025-06-26 05:58:30,725 - ig_scraper - WARNING - Still on login page, login may have failed
2025-06-26 05:58:30,725 - ig_scraper - WARNING - Still on login page, login may have failed
2025-06-26 05:58:30,725 - ig_scraper - WARNING - Still on login page, login may have failed
2025-06-26 05:58:30,725 - ig_scraper - WARNING - Still on login page, login may have failed
2025-06-26 05:58:30,725 - ig_scraper - WARNING - Still on login page, login may have failed
2025-06-26 05:58:30,725 - ig_scraper - INFO - Login check failed, waiting longer before retry...
2025-06-26 05:58:30,725 - ig_scraper - INFO - Login check failed, waiting longer before retry...
2025-06-26 05:58:30,725 - ig_scraper - INFO - Login check failed, waiting longer before retry...
2025-06-26 05:58:30,725 - ig_scraper - INFO - Login check failed, waiting longer before retry...
2025-06-26 05:58:30,725 - ig_scraper - INFO - Login check failed, waiting longer before retry...
2025-06-26 05:58:42,117 - ig_scraper - INFO - Checking login success (attempt 3/3)
2025-06-26 05:58:42,117 - ig_scraper - INFO - Checking login success (attempt 3/3)
2025-06-26 05:58:42,117 - ig_scraper - INFO - Checking login success (attempt 3/3)
2025-06-26 05:58:42,117 - ig_scraper - INFO - Checking login success (attempt 3/3)
2025-06-26 05:58:42,117 - ig_scraper - INFO - Checking login success (attempt 3/3)
2025-06-26 05:58:42,118 - ig_scraper - INFO - Waiting for login page to fully load...
2025-06-26 05:58:42,118 - ig_scraper - INFO - Waiting for login page to fully load...
2025-06-26 05:58:42,118 - ig_scraper - INFO - Waiting for login page to fully load...
2025-06-26 05:58:42,118 - ig_scraper - INFO - Waiting for login page to fully load...
2025-06-26 05:58:42,118 - ig_scraper - INFO - Waiting for login page to fully load...
2025-06-26 05:58:56,654 - ig_scraper - ERROR - Login failed - redirected to code entry page (security challenge)
2025-06-26 05:58:56,654 - ig_scraper - ERROR - Login failed - redirected to code entry page (security challenge)
2025-06-26 05:58:56,654 - ig_scraper - ERROR - Login failed - redirected to code entry page (security challenge)
2025-06-26 05:58:56,654 - ig_scraper - ERROR - Login failed - redirected to code entry page (security challenge)
2025-06-26 05:58:56,654 - ig_scraper - ERROR - Login failed - redirected to code entry page (security challenge)
2025-06-26 05:58:56,654 - ig_scraper - ERROR - This indicates account may be flagged or requires additional verification
2025-06-26 05:58:56,654 - ig_scraper - ERROR - This indicates account may be flagged or requires additional verification
2025-06-26 05:58:56,654 - ig_scraper - ERROR - This indicates account may be flagged or requires additional verification
2025-06-26 05:58:56,654 - ig_scraper - ERROR - This indicates account may be flagged or requires additional verification
2025-06-26 05:58:56,654 - ig_scraper - ERROR - This indicates account may be flagged or requires additional verification
2025-06-26 05:58:56,654 - ig_scraper - ERROR - Login failed for account: eprosine009 after 3 attempts
2025-06-26 05:58:56,654 - ig_scraper - ERROR - Login failed for account: eprosine009 after 3 attempts
2025-06-26 05:58:56,654 - ig_scraper - ERROR - Login failed for account: eprosine009 after 3 attempts
2025-06-26 05:58:56,654 - ig_scraper - ERROR - Login failed for account: eprosine009 after 3 attempts
2025-06-26 05:58:56,654 - ig_scraper - ERROR - Login failed for account: eprosine009 after 3 attempts
2025-06-26 05:58:56,654 - ig_scraper - INFO - Attempting login with account: eprosen2
2025-06-26 05:58:56,654 - ig_scraper - INFO - Attempting login with account: eprosen2
2025-06-26 05:58:56,654 - ig_scraper - INFO - Attempting login with account: eprosen2
2025-06-26 05:58:56,654 - ig_scraper - INFO - Attempting login with account: eprosen2
2025-06-26 05:58:56,654 - ig_scraper - INFO - Attempting login with account: eprosen2
2025-06-26 06:06:18,280 - ig_scraper - INFO - Navigating to login page...
2025-06-26 06:06:18,280 - ig_scraper - INFO - Navigating to login page...
2025-06-26 06:06:18,280 - ig_scraper - INFO - Navigating to login page...
2025-06-26 06:06:18,280 - ig_scraper - INFO - Navigating to login page...
2025-06-26 06:06:18,280 - ig_scraper - INFO - Navigating to login page...
2025-06-26 06:06:42,928 - ig_scraper - ERROR - Element not found: name=username
2025-06-26 06:06:42,928 - ig_scraper - ERROR - Element not found: name=username
2025-06-26 06:06:42,928 - ig_scraper - ERROR - Element not found: name=username
2025-06-26 06:06:42,928 - ig_scraper - ERROR - Element not found: name=username
2025-06-26 06:06:42,928 - ig_scraper - ERROR - Element not found: name=username
2025-06-26 06:06:42,929 - ig_scraper - ERROR - Username input field not found
2025-06-26 06:06:42,929 - ig_scraper - ERROR - Username input field not found
2025-06-26 06:06:42,929 - ig_scraper - ERROR - Username input field not found
2025-06-26 06:06:42,929 - ig_scraper - ERROR - Username input field not found
2025-06-26 06:06:42,929 - ig_scraper - ERROR - Username input field not found
2025-06-26 06:06:42,929 - ig_scraper - ERROR - All accounts failed to login
2025-06-26 06:06:42,929 - ig_scraper - ERROR - All accounts failed to login
2025-06-26 06:06:42,929 - ig_scraper - ERROR - All accounts failed to login
2025-06-26 06:06:42,929 - ig_scraper - ERROR - All accounts failed to login
2025-06-26 06:06:42,929 - ig_scraper - ERROR - All accounts failed to login
2025-06-26 06:06:42,929 - ig_scraper - ERROR - Failed to initialize scraper - login unsuccessful
2025-06-26 06:06:42,929 - ig_scraper - ERROR - Failed to initialize scraper - login unsuccessful
2025-06-26 06:06:42,929 - ig_scraper - ERROR - Failed to initialize scraper - login unsuccessful
2025-06-26 06:06:42,929 - ig_scraper - ERROR - Failed to initialize scraper - login unsuccessful
2025-06-26 06:06:42,929 - ig_scraper - ERROR - Failed to initialize scraper - login unsuccessful
2025-06-26 06:06:43,006 - ig_scraper - INFO - WebDriver closed successfully
2025-06-26 06:06:43,006 - ig_scraper - INFO - WebDriver closed successfully
2025-06-26 06:06:43,006 - ig_scraper - INFO - WebDriver closed successfully
2025-06-26 06:06:43,006 - ig_scraper - INFO - WebDriver closed successfully
2025-06-26 06:06:43,006 - ig_scraper - INFO - WebDriver closed successfully
