2025-06-26 15:41:54,494 - ig_scraper - INFO - Starting post extraction: 5 posts, 3 comments each
2025-06-26 15:41:54,494 - ig_scraper - INFO - Scrolling to load posts...
2025-06-26 15:42:27,657 - ig_scraper - INFO - Scrolling completed after 10 attempts
2025-06-26 15:42:37,857 - ig_scraper - ERROR - Error getting post links: Message: 
Stacktrace:
#0 0x5bb03982767a <unknown>
#1 0x5bb0392f3cd0 <unknown>
#2 0x5bb039343e07 <unknown>
#3 0x5bb039344001 <unknown>
#4 0x5bb039392754 <unknown>
#5 0x5bb039369c4d <unknown>
#6 0x5bb03938fb60 <unknown>
#7 0x5bb0393699f3 <unknown>
#8 0x5bb039336534 <unknown>
#9 0x5bb039337191 <unknown>
#10 0x5bb0397eeeef <unknown>
#11 0x5bb0397f2f98 <unknown>
#12 0x5bb0397d60f2 <unknown>
#13 0x5bb0397f373e <unknown>
#14 0x5bb0397bd0be <unknown>
#15 0x5bb039815c68 <unknown>
#16 0x5bb039815e78 <unknown>
#17 0x5bb03982611c <unknown>
#18 0x73320e094ac3 <unknown>

2025-06-26 15:42:37,857 - ig_scraper - INFO - Found 0 post links
2025-06-26 15:42:37,857 - ig_scraper - INFO - Successfully extracted 0 posts
2025-06-26 15:42:37,939 - ig_scraper - INFO - WebDriver closed successfully
2025-06-26 15:42:37,939 - ig_scraper - INFO - Scraper resources cleaned up
2025-06-26 15:42:37,939 - ig_scraper - INFO - Results saved to /home/bahrul_maghfiroh_4mzone/aiproject/ig-scraper-v2/phase files/../core files/../output/result.json and /home/bahrul_maghfiroh_4mzone/aiproject/ig-scraper-v2/phase files/../core files/../output/backup_20250626_154237.json
2025-06-26 15:42:37,939 - ig_scraper - INFO - Scraping completed successfully: 0 posts extracted
2025-06-26 15:46:30,023 - ig_scraper - INFO - Received signal 2, initiating graceful shutdown...
2025-06-26 15:46:30,026 - ig_scraper - INFO - Cleaning up resources...
2025-06-26 15:46:30,026 - ig_scraper - INFO - Phase 7 cleanup completed
2025-06-26 15:46:30,026 - ig_scraper - INFO - Cleaning up resources...
2025-06-26 15:46:30,026 - ig_scraper - INFO - Phase 7 cleanup completed
