2025-06-26 14:43:51,855 - ig_scraper - INFO - === Starting Phase 3: Post Scraping ===
2025-06-26 14:43:51,855 - ig_scraper - INFO - Target: @malangraya_info
2025-06-26 14:43:51,855 - ig_scraper - INFO - Posts to extract: 3
2025-06-26 14:43:51,855 - ig_scraper - INFO - Comments per post: 2
2025-06-26 14:43:51,855 - ig_scraper - INFO - Step 1: Initializing scraper and login...
2025-06-26 14:43:51,855 - ig_scraper - INFO - Step 1: Initializing scraper and login...
2025-06-26 14:43:51,855 - ig_scraper - INFO - === Instagram Profile Scraper - Phase 1 ===
2025-06-26 14:43:51,855 - ig_scraper - INFO - === Instagram Profile Scraper - Phase 1 ===
2025-06-26 14:43:51,855 - ig_scraper - INFO - Initializing scraper with backup account support...
2025-06-26 14:43:51,855 - ig_scraper - INFO - Initializing scraper with backup account support...
2025-06-26 14:43:51,856 - ig_scraper - INFO - Using ChromeDriver at: /usr/bin/chromedriver
2025-06-26 14:43:51,856 - ig_scraper - INFO - Using ChromeDriver at: /usr/bin/chromedriver
2025-06-26 14:43:51,856 - ig_scraper - INFO - Using ChromeDriver at: /usr/bin/chromedriver
2025-06-26 14:43:54,123 - ig_scraper - INFO - WebDriver initialized successfully
2025-06-26 14:43:54,123 - ig_scraper - INFO - WebDriver initialized successfully
2025-06-26 14:43:54,123 - ig_scraper - INFO - WebDriver initialized successfully
2025-06-26 14:43:54,123 - ig_scraper - INFO - Attempting login with account: eprosine009
2025-06-26 14:43:54,123 - ig_scraper - INFO - Attempting login with account: eprosine009
2025-06-26 14:43:54,123 - ig_scraper - INFO - Attempting login with account: eprosine009
2025-06-26 14:45:01,247 - ig_scraper - INFO - Successfully loaded existing session for: eprosine009
2025-06-26 14:45:01,247 - ig_scraper - INFO - Successfully loaded existing session for: eprosine009
2025-06-26 14:45:01,247 - ig_scraper - INFO - Successfully loaded existing session for: eprosine009
2025-06-26 14:45:01,247 - ig_scraper - INFO - Scraper initialized successfully
2025-06-26 14:45:01,247 - ig_scraper - INFO - Scraper initialized successfully
2025-06-26 14:45:01,247 - ig_scraper - INFO - Scraper initialized successfully
2025-06-26 14:45:01,247 - ig_scraper - INFO - Login successful, proceeding to post scraping...
2025-06-26 14:45:01,247 - ig_scraper - INFO - Login successful, proceeding to post scraping...
2025-06-26 14:45:01,247 - ig_scraper - INFO - Login successful, proceeding to post scraping...
2025-06-26 14:45:01,248 - ig_scraper - INFO - Step 2: Extracting profile information...
2025-06-26 14:45:01,248 - ig_scraper - INFO - Step 2: Extracting profile information...
2025-06-26 14:45:01,248 - ig_scraper - INFO - Step 2: Extracting profile information...
2025-06-26 14:45:01,248 - ig_scraper - INFO - === Phase 2: Profile Extraction for @malangraya_info ===
2025-06-26 14:45:01,248 - ig_scraper - INFO - === Phase 2: Profile Extraction for @malangraya_info ===
2025-06-26 14:45:01,248 - ig_scraper - INFO - === Phase 2: Profile Extraction for @malangraya_info ===
2025-06-26 14:45:01,248 - ig_scraper - INFO - Navigating to profile: @malangraya_info
2025-06-26 14:45:01,248 - ig_scraper - INFO - Navigating to profile: @malangraya_info
2025-06-26 14:45:01,248 - ig_scraper - INFO - Navigating to profile: @malangraya_info
2025-06-26 14:45:32,438 - ig_scraper - INFO - Phase 3 completed. Browser session will remain open for inspection.
2025-06-26 14:45:32,438 - ig_scraper - INFO - Phase 3 completed. Browser session will remain open for inspection.
2025-06-26 14:45:32,438 - ig_scraper - INFO - Phase 3 completed. Browser session will remain open for inspection.
2025-06-26 14:45:34,001 - ig_scraper - INFO - WebDriver closed successfully
2025-06-26 14:45:34,001 - ig_scraper - INFO - WebDriver closed successfully
2025-06-26 14:45:34,001 - ig_scraper - INFO - WebDriver closed successfully
2025-06-26 14:45:34,001 - ig_scraper - INFO - Scraper resources cleaned up
2025-06-26 14:45:34,001 - ig_scraper - INFO - Scraper resources cleaned up
2025-06-26 14:45:34,001 - ig_scraper - INFO - Scraper resources cleaned up
