2025-06-26 15:16:31,486 - ig_scraper - INFO - === Starting Phase 3: Post Scraping ===
2025-06-26 15:16:31,486 - ig_scraper - INFO - Target: @malangraya_info
2025-06-26 15:16:31,486 - ig_scraper - INFO - Posts to extract: 1
2025-06-26 15:16:31,486 - ig_scraper - INFO - Comments per post: 1
2025-06-26 15:16:31,486 - ig_scraper - INFO - Step 1: Initializing scraper and login...
2025-06-26 15:16:31,486 - ig_scraper - INFO - Step 1: Initializing scraper and login...
2025-06-26 15:16:31,486 - ig_scraper - INFO - === Instagram Profile Scraper - Phase 1 ===
2025-06-26 15:16:31,486 - ig_scraper - INFO - === Instagram Profile Scraper - Phase 1 ===
2025-06-26 15:16:31,486 - ig_scraper - INFO - Initializing scraper with backup account support...
2025-06-26 15:16:31,486 - ig_scraper - INFO - Initializing scraper with backup account support...
2025-06-26 15:16:31,486 - ig_scraper - INFO - Using ChromeDriver at: /usr/bin/chromedriver
2025-06-26 15:16:31,486 - ig_scraper - INFO - Using ChromeDriver at: /usr/bin/chromedriver
2025-06-26 15:16:31,486 - ig_scraper - INFO - Using ChromeDriver at: /usr/bin/chromedriver
2025-06-26 15:16:32,400 - ig_scraper - INFO - WebDriver initialized successfully
2025-06-26 15:16:32,400 - ig_scraper - INFO - WebDriver initialized successfully
2025-06-26 15:16:32,400 - ig_scraper - INFO - WebDriver initialized successfully
2025-06-26 15:16:32,400 - ig_scraper - INFO - Attempting login with account: eprosen2
2025-06-26 15:16:32,400 - ig_scraper - INFO - Attempting login with account: eprosen2
2025-06-26 15:16:32,400 - ig_scraper - INFO - Attempting login with account: eprosen2
2025-06-26 15:16:42,225 - ig_scraper - INFO - Login success confirmed
2025-06-26 15:16:42,225 - ig_scraper - INFO - Login success confirmed
2025-06-26 15:16:42,225 - ig_scraper - INFO - Login success confirmed
2025-06-26 15:16:42,225 - ig_scraper - INFO - Successfully loaded existing session for: eprosen2
2025-06-26 15:16:42,225 - ig_scraper - INFO - Successfully loaded existing session for: eprosen2
2025-06-26 15:16:42,225 - ig_scraper - INFO - Successfully loaded existing session for: eprosen2
2025-06-26 15:16:42,225 - ig_scraper - INFO - Scraper initialized successfully
2025-06-26 15:16:42,225 - ig_scraper - INFO - Scraper initialized successfully
2025-06-26 15:16:42,225 - ig_scraper - INFO - Scraper initialized successfully
2025-06-26 15:16:42,225 - ig_scraper - INFO - Login successful, proceeding to post scraping...
2025-06-26 15:16:42,225 - ig_scraper - INFO - Login successful, proceeding to post scraping...
2025-06-26 15:16:42,225 - ig_scraper - INFO - Login successful, proceeding to post scraping...
2025-06-26 15:16:42,225 - ig_scraper - INFO - Step 3: Starting post scraping...
2025-06-26 15:16:42,225 - ig_scraper - INFO - Step 3: Starting post scraping...
2025-06-26 15:16:42,225 - ig_scraper - INFO - Step 3: Starting post scraping...
2025-06-26 15:16:42,225 - ig_scraper - INFO - === Phase 3: Post Scraping ===
2025-06-26 15:16:42,225 - ig_scraper - INFO - === Phase 3: Post Scraping ===
2025-06-26 15:16:42,225 - ig_scraper - INFO - === Phase 3: Post Scraping ===
2025-06-26 15:16:42,225 - ig_scraper - INFO - Scraping posts from @malangraya_info
2025-06-26 15:16:42,225 - ig_scraper - INFO - Scraping posts from @malangraya_info
2025-06-26 15:16:42,225 - ig_scraper - INFO - Scraping posts from @malangraya_info
2025-06-26 15:16:42,225 - ig_scraper - INFO - Starting post scraping for @malangraya_info
2025-06-26 15:16:42,225 - ig_scraper - INFO - Starting post scraping for @malangraya_info
2025-06-26 15:16:42,225 - ig_scraper - INFO - Starting post scraping for @malangraya_info
2025-06-26 15:16:42,226 - ig_scraper - INFO - Navigating to profile: @malangraya_info
2025-06-26 15:16:42,226 - ig_scraper - INFO - Navigating to profile: @malangraya_info
2025-06-26 15:16:42,226 - ig_scraper - INFO - Navigating to profile: @malangraya_info
2025-06-26 15:16:43,927 - ig_scraper - INFO - Successfully navigated to profile: @malangraya_info
2025-06-26 15:16:43,927 - ig_scraper - INFO - Successfully navigated to profile: @malangraya_info
2025-06-26 15:16:43,927 - ig_scraper - INFO - Successfully navigated to profile: @malangraya_info
2025-06-26 15:16:43,928 - ig_scraper - INFO - Scrolling to load posts...
2025-06-26 15:16:43,928 - ig_scraper - INFO - Scrolling to load posts...
2025-06-26 15:16:43,928 - ig_scraper - INFO - Scrolling to load posts...
2025-06-26 15:16:43,928 - ig_scraper - INFO - Scrolling to load at least 1 posts
2025-06-26 15:16:43,928 - ig_scraper - INFO - Scrolling to load at least 1 posts
2025-06-26 15:16:43,928 - ig_scraper - INFO - Scrolling to load at least 1 posts
2025-06-26 15:16:43,940 - ig_scraper - INFO - Found 25 posts, sufficient for target 1
2025-06-26 15:16:43,940 - ig_scraper - INFO - Found 25 posts, sufficient for target 1
2025-06-26 15:16:43,940 - ig_scraper - INFO - Found 25 posts, sufficient for target 1
2025-06-26 15:16:46,958 - ig_scraper - INFO - Extracted 0 post links using specific classes
2025-06-26 15:16:46,958 - ig_scraper - INFO - Extracted 0 post links using specific classes
2025-06-26 15:16:46,958 - ig_scraper - INFO - Extracted 0 post links using specific classes
2025-06-26 15:16:46,958 - ig_scraper - ERROR - Post scraping failed: No posts found
2025-06-26 15:16:46,958 - ig_scraper - ERROR - Post scraping failed: No posts found
2025-06-26 15:16:46,958 - ig_scraper - ERROR - Post scraping failed: No posts found
2025-06-26 15:16:46,958 - ig_scraper - INFO - Phase 3 completed. Browser session will remain open for inspection.
2025-06-26 15:16:46,958 - ig_scraper - INFO - Phase 3 completed. Browser session will remain open for inspection.
2025-06-26 15:16:46,958 - ig_scraper - INFO - Phase 3 completed. Browser session will remain open for inspection.
2025-06-26 15:21:17,269 - ig_scraper - INFO - WebDriver closed successfully
2025-06-26 15:21:17,269 - ig_scraper - INFO - WebDriver closed successfully
2025-06-26 15:21:17,269 - ig_scraper - INFO - WebDriver closed successfully
2025-06-26 15:21:17,269 - ig_scraper - INFO - Scraper resources cleaned up
2025-06-26 15:21:17,269 - ig_scraper - INFO - Scraper resources cleaned up
2025-06-26 15:21:17,269 - ig_scraper - INFO - Scraper resources cleaned up
