2025-06-26 10:49:54,675 - ig_scraper - INFO - === Instagram Profile Scraper - Phase 7 ===
2025-06-26 10:49:54,675 - ig_scraper - INFO - HTTP Endpoint Implementation
2025-06-26 10:49:54,675 - ig_scraper - INFO - Starting Flask API server...
2025-06-26 10:49:54,678 - ig_scraper - INFO - Server configuration:
2025-06-26 10:49:54,678 - ig_scraper - INFO - Server configuration:
2025-06-26 10:49:54,678 - ig_scraper - INFO - - Host: 0.0.0.0
2025-06-26 10:49:54,678 - ig_scraper - INFO - - Host: 0.0.0.0
2025-06-26 10:49:54,678 - ig_scraper - INFO - - Port: 5000
2025-06-26 10:49:54,678 - ig_scraper - INFO - - Port: 5000
2025-06-26 10:49:54,678 - ig_scraper - INFO - - Debug: False
2025-06-26 10:49:54,678 - ig_scraper - INFO - - Debug: False
2025-06-26 10:49:54,678 - ig_scraper - INFO - Available endpoints:
2025-06-26 10:49:54,678 - ig_scraper - INFO - Available endpoints:
2025-06-26 10:49:54,678 - ig_scraper - INFO - - GET  /health - Health check
2025-06-26 10:49:54,678 - ig_scraper - INFO - - GET  /health - Health check
2025-06-26 10:49:54,678 - ig_scraper - INFO - - POST /scrape - Scraping endpoint
2025-06-26 10:49:54,678 - ig_scraper - INFO - - POST /scrape - Scraping endpoint
2025-06-26 10:49:54,678 - ig_scraper - INFO - 
2025-06-26 10:49:54,678 - ig_scraper - INFO - 
2025-06-26 10:49:54,678 - ig_scraper - INFO - Example API usage:
2025-06-26 10:49:54,678 - ig_scraper - INFO - Example API usage:
2025-06-26 10:49:54,678 - ig_scraper - INFO - curl -X POST http://localhost:5000/scrape \
2025-06-26 10:49:54,678 - ig_scraper - INFO - curl -X POST http://localhost:5000/scrape \
2025-06-26 10:49:54,678 - ig_scraper - INFO -   -H 'Content-Type: application/json' \
2025-06-26 10:49:54,678 - ig_scraper - INFO -   -H 'Content-Type: application/json' \
2025-06-26 10:49:54,678 - ig_scraper - INFO -   -d '{
2025-06-26 10:49:54,678 - ig_scraper - INFO -   -d '{
2025-06-26 10:49:54,678 - ig_scraper - INFO -     "accounts": [{"username": "user1", "password": "pass1"}],
2025-06-26 10:49:54,678 - ig_scraper - INFO -     "accounts": [{"username": "user1", "password": "pass1"}],
2025-06-26 10:49:54,678 - ig_scraper - INFO -     "suspected_account": "malangraya_info",
2025-06-26 10:49:54,678 - ig_scraper - INFO -     "suspected_account": "malangraya_info",
2025-06-26 10:49:54,678 - ig_scraper - INFO -     "post_count": 10,
2025-06-26 10:49:54,678 - ig_scraper - INFO -     "post_count": 10,
2025-06-26 10:49:54,678 - ig_scraper - INFO -     "comment_count": 5
2025-06-26 10:49:54,678 - ig_scraper - INFO -     "comment_count": 5
2025-06-26 10:49:54,679 - ig_scraper - INFO -   }'
2025-06-26 10:49:54,679 - ig_scraper - INFO -   }'
2025-06-26 10:49:54,679 - ig_scraper - INFO - 
2025-06-26 10:49:54,679 - ig_scraper - INFO - 
2025-06-26 10:49:54,679 - ig_scraper - INFO - Starting Instagram Scraping API server on 0.0.0.0:5000
2025-06-26 10:49:54,679 - ig_scraper - INFO - Starting Instagram Scraping API server on 0.0.0.0:5000
2025-06-26 10:51:10,858 - ig_scraper - INFO - Processing scrape request: suspected_account=malangraya_info, post_count=2, comment_count=2
2025-06-26 10:51:10,858 - ig_scraper - INFO - Processing scrape request: suspected_account=malangraya_info, post_count=2, comment_count=2
2025-06-26 10:51:10,860 - ig_scraper - INFO - === Instagram Profile Scraper - Phase 1 ===
2025-06-26 10:51:10,860 - ig_scraper - INFO - === Instagram Profile Scraper - Phase 1 ===
2025-06-26 10:51:10,860 - ig_scraper - INFO - Initializing scraper with backup account support...
2025-06-26 10:51:10,860 - ig_scraper - INFO - Initializing scraper with backup account support...
2025-06-26 10:51:10,860 - ig_scraper - INFO - Using 2 custom accounts for login
2025-06-26 10:51:10,860 - ig_scraper - INFO - Using 2 custom accounts for login
2025-06-26 10:51:10,860 - ig_scraper - INFO - Running in Docker/headless mode
2025-06-26 10:51:10,860 - ig_scraper - INFO - Running in Docker/headless mode
2025-06-26 10:51:10,861 - ig_scraper - INFO - Using ChromeDriver at: /usr/bin/chromedriver
2025-06-26 10:51:10,861 - ig_scraper - INFO - Using ChromeDriver at: /usr/bin/chromedriver
2025-06-26 10:51:12,055 - ig_scraper - INFO - WebDriver initialized successfully
2025-06-26 10:51:12,055 - ig_scraper - INFO - WebDriver initialized successfully
2025-06-26 10:51:12,056 - ig_scraper - INFO - Attempting login with account: eprosen2
2025-06-26 10:51:12,056 - ig_scraper - INFO - Attempting login with account: eprosen2
2025-06-26 10:51:21,979 - ig_scraper - INFO - Login success confirmed
2025-06-26 10:51:21,979 - ig_scraper - INFO - Login success confirmed
2025-06-26 10:51:21,979 - ig_scraper - INFO - Successfully loaded existing session for: eprosen2
2025-06-26 10:51:21,979 - ig_scraper - INFO - Successfully loaded existing session for: eprosen2
2025-06-26 10:51:21,979 - ig_scraper - INFO - Scraper initialized successfully
2025-06-26 10:51:21,979 - ig_scraper - INFO - Scraper initialized successfully
2025-06-26 10:51:21,979 - ig_scraper - INFO - Navigating to profile: malangraya_info
2025-06-26 10:51:21,979 - ig_scraper - INFO - Navigating to profile: malangraya_info
2025-06-26 10:51:21,980 - ig_scraper - INFO - Navigating to profile: @malangraya_info
2025-06-26 10:51:21,980 - ig_scraper - INFO - Navigating to profile: @malangraya_info
2025-06-26 10:51:23,542 - ig_scraper - INFO - Successfully navigated to profile: @malangraya_info
2025-06-26 10:51:23,542 - ig_scraper - INFO - Successfully navigated to profile: @malangraya_info
2025-06-26 10:51:23,569 - ig_scraper - INFO - Profile data extracted for malangraya_info
2025-06-26 10:51:23,569 - ig_scraper - INFO - Profile data extracted for malangraya_info
2025-06-26 10:51:23,625 - ig_scraper - INFO - Starting post extraction: 2 posts, 2 comments each
2025-06-26 10:51:23,625 - ig_scraper - INFO - Starting post extraction: 2 posts, 2 comments each
2025-06-26 10:51:23,625 - ig_scraper - INFO - Scrolling to load posts...
2025-06-26 10:51:23,625 - ig_scraper - INFO - Scrolling to load posts...
2025-06-26 10:51:58,532 - ig_scraper - INFO - Scrolling completed after 10 attempts
2025-06-26 10:51:58,532 - ig_scraper - INFO - Scrolling completed after 10 attempts
2025-06-26 10:51:58,532 - ig_scraper - INFO - Extracting post links from profile page
2025-06-26 10:51:58,532 - ig_scraper - INFO - Extracting post links from profile page
2025-06-26 10:52:01,548 - ig_scraper - INFO - Found 23 elements with selector: a[href*='/p/']
2025-06-26 10:52:01,548 - ig_scraper - INFO - Found 23 elements with selector: a[href*='/p/']
2025-06-26 10:52:01,560 - ig_scraper - INFO - Found 19 elements with selector: a[href*='/reel/']
2025-06-26 10:52:01,560 - ig_scraper - INFO - Found 19 elements with selector: a[href*='/reel/']
2025-06-26 10:52:01,613 - ig_scraper - INFO - Found 23 elements with selector: a.x1i10hfl[href*='/p/']
2025-06-26 10:52:01,613 - ig_scraper - INFO - Found 23 elements with selector: a.x1i10hfl[href*='/p/']
2025-06-26 10:52:01,626 - ig_scraper - INFO - Found 19 elements with selector: a.x1i10hfl[href*='/reel/']
2025-06-26 10:52:01,626 - ig_scraper - INFO - Found 19 elements with selector: a.x1i10hfl[href*='/reel/']
2025-06-26 10:52:01,645 - ig_scraper - INFO - Successfully extracted 2 post links
2025-06-26 10:52:01,645 - ig_scraper - INFO - Successfully extracted 2 post links
2025-06-26 10:52:01,645 - ig_scraper - INFO - Found 2 post links
2025-06-26 10:52:01,645 - ig_scraper - INFO - Found 2 post links
2025-06-26 10:52:01,646 - ig_scraper - INFO - Processing post 1/2: https://www.instagram.com/malangraya_info/p/DLJjkRnhAt1/
2025-06-26 10:52:01,646 - ig_scraper - INFO - Processing post 1/2: https://www.instagram.com/malangraya_info/p/DLJjkRnhAt1/
2025-06-26 10:52:11,301 - ig_scraper - INFO - Extracted 2 comments
2025-06-26 10:52:11,301 - ig_scraper - INFO - Extracted 2 comments
2025-06-26 10:52:11,301 - ig_scraper - INFO - Successfully extracted post data for malangraya_info
2025-06-26 10:52:11,301 - ig_scraper - INFO - Successfully extracted post data for malangraya_info
2025-06-26 10:52:13,303 - ig_scraper - INFO - Processing post 2/2: https://www.instagram.com/malangraya_info/p/DLJgK_4htfK/
2025-06-26 10:52:13,303 - ig_scraper - INFO - Processing post 2/2: https://www.instagram.com/malangraya_info/p/DLJgK_4htfK/
2025-06-26 10:52:20,879 - ig_scraper - INFO - Extracted 2 comments
2025-06-26 10:52:20,879 - ig_scraper - INFO - Extracted 2 comments
2025-06-26 10:52:20,879 - ig_scraper - INFO - Successfully extracted post data for malangraya_info
2025-06-26 10:52:20,879 - ig_scraper - INFO - Successfully extracted post data for malangraya_info
2025-06-26 10:52:22,880 - ig_scraper - INFO - Successfully extracted 2 posts
2025-06-26 10:52:22,880 - ig_scraper - INFO - Successfully extracted 2 posts
2025-06-26 10:52:22,976 - ig_scraper - INFO - WebDriver closed successfully
2025-06-26 10:52:22,976 - ig_scraper - INFO - WebDriver closed successfully
2025-06-26 10:52:22,976 - ig_scraper - INFO - Scraper resources cleaned up
2025-06-26 10:52:22,976 - ig_scraper - INFO - Scraper resources cleaned up
2025-06-26 10:52:22,978 - ig_scraper - INFO - Results saved to /app/core/../output/result.json and /app/core/../output/backup_20250626_105222.json
2025-06-26 10:52:22,978 - ig_scraper - INFO - Results saved to /app/core/../output/result.json and /app/core/../output/backup_20250626_105222.json
2025-06-26 10:52:22,978 - ig_scraper - INFO - Scraping completed successfully: 2 posts extracted
2025-06-26 10:52:22,978 - ig_scraper - INFO - Scraping completed successfully: 2 posts extracted
