2025-06-26 05:39:34,409 - ig_scraper - INFO - Using ChromeDriver at: /usr/bin/chromedriver
2025-06-26 05:39:34,409 - ig_scraper - INFO - Using ChromeDriver at: /usr/bin/chromedriver
2025-06-26 05:39:37,802 - ig_scraper - INFO - WebDriver initialized successfully
2025-06-26 05:39:37,802 - ig_scraper - INFO - WebDriver initialized successfully
2025-06-26 05:39:37,802 - ig_scraper - INFO - Attempting login with account: eprosine009
2025-06-26 05:39:37,802 - ig_scraper - INFO - Attempting login with account: eprosine009
2025-06-26 05:40:59,533 - ig_scraper - INFO - Login form submitted
2025-06-26 05:40:59,533 - ig_scraper - INFO - Login form submitted
2025-06-26 05:41:26,838 - ig_scraper - ERROR - Login failed - redirected to code entry page (security challenge)
2025-06-26 05:41:26,838 - ig_scraper - ERROR - Login failed - redirected to code entry page (security challenge)
2025-06-26 05:41:26,838 - ig_scraper - ERROR - This indicates account may be flagged or requires additional verification
2025-06-26 05:41:26,838 - ig_scraper - ERROR - This indicates account may be flagged or requires additional verification
2025-06-26 05:41:26,838 - ig_scraper - ERROR - Login failed for account: eprosine009
2025-06-26 05:41:26,838 - ig_scraper - ERROR - Login failed for account: eprosine009
2025-06-26 05:41:26,838 - ig_scraper - INFO - Attempting login with account: eprosen2
2025-06-26 05:41:26,838 - ig_scraper - INFO - Attempting login with account: eprosen2
2025-06-26 05:41:59,480 - ig_scraper - INFO - Login form submitted
2025-06-26 05:41:59,480 - ig_scraper - INFO - Login form submitted
2025-06-26 05:42:07,631 - ig_scraper - WARNING - Still on login page, login may have failed
2025-06-26 05:42:07,631 - ig_scraper - WARNING - Still on login page, login may have failed
2025-06-26 05:42:07,631 - ig_scraper - ERROR - Login failed for account: eprosen2
2025-06-26 05:42:07,631 - ig_scraper - ERROR - Login failed for account: eprosen2
2025-06-26 05:42:07,631 - ig_scraper - ERROR - All accounts failed to login
2025-06-26 05:42:07,631 - ig_scraper - ERROR - All accounts failed to login
2025-06-26 05:42:07,717 - ig_scraper - INFO - Screenshot saved: output/login_failed_debug.png
2025-06-26 05:42:07,717 - ig_scraper - INFO - Screenshot saved: output/login_failed_debug.png
2025-06-26 05:42:07,791 - ig_scraper - INFO - WebDriver closed successfully
2025-06-26 05:42:07,791 - ig_scraper - INFO - WebDriver closed successfully
