2025-06-26 03:49:14,317 - ig_scraper - INFO - === Instagram Profile Scraper - Phase 4 ===
2025-06-26 03:49:14,317 - ig_scraper - INFO - === Instagram Profile Scraper - Phase 4 ===
2025-06-26 03:49:14,317 - ig_scraper - INFO - === Instagram Profile Scraper - Phase 4 ===
2025-06-26 03:49:14,317 - ig_scraper - INFO - === Instagram Profile Scraper - Phase 4 ===
2025-06-26 03:49:14,317 - ig_scraper - INFO - === Instagram Profile Scraper - Phase 4 ===
2025-06-26 03:49:14,317 - ig_scraper - INFO - === Instagram Profile Scraper - Phase 4 ===
2025-06-26 03:49:14,317 - ig_scraper - INFO - === Instagram Profile Scraper - Phase 4 ===
2025-06-26 03:49:14,317 - ig_scraper - INFO - === Instagram Profile Scraper - Phase 4 ===
2025-06-26 03:49:14,317 - ig_scraper - INFO - === Instagram Profile Scraper - Phase 4 ===
2025-06-26 03:49:14,317 - ig_scraper - INFO - === Instagram Profile Scraper - Phase 4 ===
2025-06-26 03:49:14,317 - ig_scraper - INFO - === Instagram Profile Scraper - Phase 4 ===
2025-06-26 03:49:14,317 - ig_scraper - INFO - === Instagram Profile Scraper - Phase 4 ===
2025-06-26 03:49:14,317 - ig_scraper - INFO - === Instagram Profile Scraper - Phase 4 ===
2025-06-26 03:49:14,317 - ig_scraper - INFO - Initializing scraper with advanced parsing and cleaning...
2025-06-26 03:49:14,317 - ig_scraper - INFO - Initializing scraper with advanced parsing and cleaning...
2025-06-26 03:49:14,317 - ig_scraper - INFO - Initializing scraper with advanced parsing and cleaning...
2025-06-26 03:49:14,317 - ig_scraper - INFO - Initializing scraper with advanced parsing and cleaning...
2025-06-26 03:49:14,317 - ig_scraper - INFO - Initializing scraper with advanced parsing and cleaning...
2025-06-26 03:49:14,317 - ig_scraper - INFO - Initializing scraper with advanced parsing and cleaning...
2025-06-26 03:49:14,317 - ig_scraper - INFO - Initializing scraper with advanced parsing and cleaning...
2025-06-26 03:49:14,317 - ig_scraper - INFO - Initializing scraper with advanced parsing and cleaning...
2025-06-26 03:49:14,317 - ig_scraper - INFO - Initializing scraper with advanced parsing and cleaning...
2025-06-26 03:49:14,317 - ig_scraper - INFO - Initializing scraper with advanced parsing and cleaning...
2025-06-26 03:49:14,317 - ig_scraper - INFO - Initializing scraper with advanced parsing and cleaning...
2025-06-26 03:49:14,317 - ig_scraper - INFO - Initializing scraper with advanced parsing and cleaning...
2025-06-26 03:49:14,317 - ig_scraper - INFO - Initializing scraper with advanced parsing and cleaning...
2025-06-26 03:49:14,318 - ig_scraper - INFO - Using ChromeDriver at: /usr/bin/chromedriver
2025-06-26 03:49:14,318 - ig_scraper - INFO - Using ChromeDriver at: /usr/bin/chromedriver
2025-06-26 03:49:14,318 - ig_scraper - INFO - Using ChromeDriver at: /usr/bin/chromedriver
2025-06-26 03:49:14,318 - ig_scraper - INFO - Using ChromeDriver at: /usr/bin/chromedriver
2025-06-26 03:49:14,318 - ig_scraper - INFO - Using ChromeDriver at: /usr/bin/chromedriver
2025-06-26 03:49:14,318 - ig_scraper - INFO - Using ChromeDriver at: /usr/bin/chromedriver
2025-06-26 03:49:14,318 - ig_scraper - INFO - Using ChromeDriver at: /usr/bin/chromedriver
2025-06-26 03:49:14,318 - ig_scraper - INFO - Using ChromeDriver at: /usr/bin/chromedriver
2025-06-26 03:49:14,318 - ig_scraper - INFO - Using ChromeDriver at: /usr/bin/chromedriver
2025-06-26 03:49:14,318 - ig_scraper - INFO - Using ChromeDriver at: /usr/bin/chromedriver
2025-06-26 03:49:14,318 - ig_scraper - INFO - Using ChromeDriver at: /usr/bin/chromedriver
2025-06-26 03:49:14,318 - ig_scraper - INFO - Using ChromeDriver at: /usr/bin/chromedriver
2025-06-26 03:49:14,318 - ig_scraper - INFO - Using ChromeDriver at: /usr/bin/chromedriver
2025-06-26 03:49:14,318 - ig_scraper - INFO - Using ChromeDriver at: /usr/bin/chromedriver
2025-06-26 03:49:14,318 - ig_scraper - INFO - Using ChromeDriver at: /usr/bin/chromedriver
2025-06-26 03:49:14,318 - ig_scraper - INFO - Using ChromeDriver at: /usr/bin/chromedriver
2025-06-26 03:49:14,318 - ig_scraper - INFO - Using ChromeDriver at: /usr/bin/chromedriver
2025-06-26 03:49:16,360 - ig_scraper - INFO - WebDriver initialized successfully
2025-06-26 03:49:16,360 - ig_scraper - INFO - WebDriver initialized successfully
2025-06-26 03:49:16,360 - ig_scraper - INFO - WebDriver initialized successfully
2025-06-26 03:49:16,360 - ig_scraper - INFO - WebDriver initialized successfully
2025-06-26 03:49:16,360 - ig_scraper - INFO - WebDriver initialized successfully
2025-06-26 03:49:16,360 - ig_scraper - INFO - WebDriver initialized successfully
2025-06-26 03:49:16,360 - ig_scraper - INFO - WebDriver initialized successfully
2025-06-26 03:49:16,360 - ig_scraper - INFO - WebDriver initialized successfully
2025-06-26 03:49:16,360 - ig_scraper - INFO - WebDriver initialized successfully
2025-06-26 03:49:16,360 - ig_scraper - INFO - WebDriver initialized successfully
2025-06-26 03:49:16,360 - ig_scraper - INFO - WebDriver initialized successfully
2025-06-26 03:49:16,360 - ig_scraper - INFO - WebDriver initialized successfully
2025-06-26 03:49:16,360 - ig_scraper - INFO - WebDriver initialized successfully
2025-06-26 03:49:16,360 - ig_scraper - INFO - WebDriver initialized successfully
2025-06-26 03:49:16,360 - ig_scraper - INFO - WebDriver initialized successfully
2025-06-26 03:49:16,360 - ig_scraper - INFO - WebDriver initialized successfully
2025-06-26 03:49:16,360 - ig_scraper - INFO - WebDriver initialized successfully
2025-06-26 03:49:16,360 - ig_scraper - INFO - Attempting login with account: eprosine009
2025-06-26 03:49:16,360 - ig_scraper - INFO - Attempting login with account: eprosine009
2025-06-26 03:49:16,360 - ig_scraper - INFO - Attempting login with account: eprosine009
2025-06-26 03:49:16,360 - ig_scraper - INFO - Attempting login with account: eprosine009
2025-06-26 03:49:16,360 - ig_scraper - INFO - Attempting login with account: eprosine009
2025-06-26 03:49:16,360 - ig_scraper - INFO - Attempting login with account: eprosine009
2025-06-26 03:49:16,360 - ig_scraper - INFO - Attempting login with account: eprosine009
2025-06-26 03:49:16,360 - ig_scraper - INFO - Attempting login with account: eprosine009
2025-06-26 03:49:16,360 - ig_scraper - INFO - Attempting login with account: eprosine009
2025-06-26 03:49:16,360 - ig_scraper - INFO - Attempting login with account: eprosine009
2025-06-26 03:49:16,360 - ig_scraper - INFO - Attempting login with account: eprosine009
2025-06-26 03:49:16,360 - ig_scraper - INFO - Attempting login with account: eprosine009
2025-06-26 03:49:16,360 - ig_scraper - INFO - Attempting login with account: eprosine009
2025-06-26 03:49:16,360 - ig_scraper - INFO - Attempting login with account: eprosine009
2025-06-26 03:49:16,360 - ig_scraper - INFO - Attempting login with account: eprosine009
2025-06-26 03:49:16,360 - ig_scraper - INFO - Attempting login with account: eprosine009
2025-06-26 03:49:16,360 - ig_scraper - INFO - Attempting login with account: eprosine009
2025-06-26 03:49:28,850 - ig_scraper - INFO - Successfully loaded existing session for: eprosine009
2025-06-26 03:49:28,850 - ig_scraper - INFO - Successfully loaded existing session for: eprosine009
2025-06-26 03:49:28,850 - ig_scraper - INFO - Successfully loaded existing session for: eprosine009
2025-06-26 03:49:28,850 - ig_scraper - INFO - Successfully loaded existing session for: eprosine009
2025-06-26 03:49:28,850 - ig_scraper - INFO - Successfully loaded existing session for: eprosine009
2025-06-26 03:49:28,850 - ig_scraper - INFO - Successfully loaded existing session for: eprosine009
2025-06-26 03:49:28,850 - ig_scraper - INFO - Successfully loaded existing session for: eprosine009
2025-06-26 03:49:28,850 - ig_scraper - INFO - Successfully loaded existing session for: eprosine009
2025-06-26 03:49:28,850 - ig_scraper - INFO - Successfully loaded existing session for: eprosine009
2025-06-26 03:49:28,850 - ig_scraper - INFO - Successfully loaded existing session for: eprosine009
2025-06-26 03:49:28,850 - ig_scraper - INFO - Successfully loaded existing session for: eprosine009
2025-06-26 03:49:28,850 - ig_scraper - INFO - Successfully loaded existing session for: eprosine009
2025-06-26 03:49:28,850 - ig_scraper - INFO - Successfully loaded existing session for: eprosine009
2025-06-26 03:49:28,850 - ig_scraper - INFO - Successfully loaded existing session for: eprosine009
2025-06-26 03:49:28,850 - ig_scraper - INFO - Successfully loaded existing session for: eprosine009
2025-06-26 03:49:28,850 - ig_scraper - INFO - Successfully loaded existing session for: eprosine009
2025-06-26 03:49:28,850 - ig_scraper - INFO - Successfully loaded existing session for: eprosine009
2025-06-26 03:49:28,850 - ig_scraper - INFO - Scraper initialized successfully with Phase 4 enhancements
2025-06-26 03:49:28,850 - ig_scraper - INFO - Scraper initialized successfully with Phase 4 enhancements
2025-06-26 03:49:28,850 - ig_scraper - INFO - Scraper initialized successfully with Phase 4 enhancements
2025-06-26 03:49:28,850 - ig_scraper - INFO - Scraper initialized successfully with Phase 4 enhancements
2025-06-26 03:49:28,850 - ig_scraper - INFO - Scraper initialized successfully with Phase 4 enhancements
2025-06-26 03:49:28,850 - ig_scraper - INFO - Scraper initialized successfully with Phase 4 enhancements
2025-06-26 03:49:28,850 - ig_scraper - INFO - Scraper initialized successfully with Phase 4 enhancements
2025-06-26 03:49:28,850 - ig_scraper - INFO - Scraper initialized successfully with Phase 4 enhancements
2025-06-26 03:49:28,850 - ig_scraper - INFO - Scraper initialized successfully with Phase 4 enhancements
2025-06-26 03:49:28,850 - ig_scraper - INFO - Scraper initialized successfully with Phase 4 enhancements
2025-06-26 03:49:28,850 - ig_scraper - INFO - Scraper initialized successfully with Phase 4 enhancements
2025-06-26 03:49:28,850 - ig_scraper - INFO - Scraper initialized successfully with Phase 4 enhancements
2025-06-26 03:49:28,850 - ig_scraper - INFO - Scraper initialized successfully with Phase 4 enhancements
2025-06-26 03:49:28,850 - ig_scraper - INFO - Scraper initialized successfully with Phase 4 enhancements
2025-06-26 03:49:28,850 - ig_scraper - INFO - Scraper initialized successfully with Phase 4 enhancements
2025-06-26 03:49:28,850 - ig_scraper - INFO - Scraper initialized successfully with Phase 4 enhancements
2025-06-26 03:49:28,850 - ig_scraper - INFO - Scraper initialized successfully with Phase 4 enhancements
2025-06-26 03:49:28,924 - ig_scraper - INFO - Filtered posts: 2 -> 1 (min quality: 0.5)
2025-06-26 03:49:28,924 - ig_scraper - INFO - Filtered posts: 2 -> 1 (min quality: 0.5)
2025-06-26 03:49:28,924 - ig_scraper - INFO - Filtered posts: 2 -> 1 (min quality: 0.5)
2025-06-26 03:49:28,924 - ig_scraper - INFO - Filtered posts: 2 -> 1 (min quality: 0.5)
2025-06-26 03:49:28,924 - ig_scraper - INFO - Filtered posts: 2 -> 1 (min quality: 0.5)
2025-06-26 03:49:28,924 - ig_scraper - INFO - Filtered posts: 2 -> 1 (min quality: 0.5)
2025-06-26 03:49:28,924 - ig_scraper - INFO - Filtered posts: 2 -> 1 (min quality: 0.5)
2025-06-26 03:49:28,924 - ig_scraper - INFO - Filtered posts: 2 -> 1 (min quality: 0.5)
2025-06-26 03:49:28,924 - ig_scraper - INFO - Filtered posts: 2 -> 1 (min quality: 0.5)
2025-06-26 03:49:28,924 - ig_scraper - INFO - Filtered posts: 2 -> 1 (min quality: 0.5)
2025-06-26 03:49:28,924 - ig_scraper - INFO - Filtered posts: 2 -> 1 (min quality: 0.5)
2025-06-26 03:49:28,924 - ig_scraper - INFO - Filtered posts: 2 -> 1 (min quality: 0.5)
2025-06-26 03:49:28,924 - ig_scraper - INFO - Filtered posts: 2 -> 1 (min quality: 0.5)
2025-06-26 03:49:28,924 - ig_scraper - INFO - Filtered posts: 2 -> 1 (min quality: 0.5)
2025-06-26 03:49:28,924 - ig_scraper - INFO - Filtered posts: 2 -> 1 (min quality: 0.5)
2025-06-26 03:49:28,924 - ig_scraper - INFO - Filtered posts: 2 -> 1 (min quality: 0.5)
2025-06-26 03:49:28,924 - ig_scraper - INFO - Filtered posts: 2 -> 1 (min quality: 0.5)
