2025-06-26 06:10:56,984 - ig_scraper - INFO - Using ChromeDriver at: /usr/bin/chromedriver
2025-06-26 06:10:56,984 - ig_scraper - INFO - Using ChromeDriver at: /usr/bin/chromedriver
2025-06-26 06:10:57,933 - ig_scraper - INFO - WebDriver initialized successfully
2025-06-26 06:10:57,933 - ig_scraper - INFO - WebDriver initialized successfully
2025-06-26 06:10:57,933 - ig_scraper - INFO - Attempting login with account: eprosine009
2025-06-26 06:10:57,933 - ig_scraper - INFO - Attempting login with account: eprosine009
2025-06-26 06:11:58,951 - ig_scraper - INFO - Navigating to login page...
2025-06-26 06:11:58,951 - ig_scraper - INFO - Navigating to login page...
2025-06-26 06:12:08,271 - ig_scraper - INFO - Login form submitted
2025-06-26 06:12:08,271 - ig_scraper - INFO - Login form submitted
2025-06-26 06:12:08,271 - ig_scraper - INFO - Waiting for login to process (extended timeout)...
2025-06-26 06:12:08,271 - ig_scraper - INFO - Waiting for login to process (extended timeout)...
2025-06-26 06:12:22,354 - ig_scraper - INFO - Checking login success (attempt 1/3)
2025-06-26 06:12:22,354 - ig_scraper - INFO - Checking login success (attempt 1/3)
2025-06-26 06:12:22,354 - ig_scraper - INFO - Waiting for login page to fully load...
2025-06-26 06:12:22,354 - ig_scraper - INFO - Waiting for login page to fully load...
2025-06-26 06:12:27,441 - ig_scraper - INFO - Current URL: https://www.instagram.com/auth_platform/codeentry/?apc=AdkER0wNMNO_05MA1PG-UswfH01ddQxpwAk95YYWxqeelWtUsvP56Mo0__32VY4GZuy5TkZk90HHgTLd5EesCKn62G2qNP-iv1LjSQDMOCkUpk4UYsEaTdK8scVTy0yTjyobsDdu1EhFSgUZ5xg-ZIlhZM-gZ9iW3p7c4A8CwFUXmtwV1AhURoCvVyZ8QefZswa4buK20hBZgVE9EPGmV1pbNHsl6072p23xyhDuhxhRzWCH6YrOshR3cSNX6bZiQphaI9TzFZdrinYuluA_pcfZZb3p_l5UNB1veKGN_cYI8noAAb-YiqzVGynKNpQLCo_WOu6rugH1hF0ibMVeVGydWjxPSAw_Nd2for5Kp0WzXaIY5S2PEsyrabzhShpWjU8NMmxNuArsFEFhxgn6A-ijR1Ja63Hlg2j3vomL3DWChrBvMhHnKn6GqmGeVO4mZzpg38YNtQd0uDAANM29XSc_Wqip-s8nGF8AMDdb743PqETgzLl-_QnqxUVRkxnJiX0_3yRSo9PabPXBC-2AxXgQ9whRM8RrMA0EV03RosnJLom7wZ06yTB82nHJ0_LGNdbRkw_HhFChXiz6ksw0YPAk4FjrBOMba_2LMkCUb1kT3awPwGdWAAG5qMGlfXpt1Hw3wVdkm3ifA6I2dYs7-ZgQxWKZVSMyIp8CG9dFd470yFJedhgIS1Y6GnWta3t6pDMI9r7oFtKYvFBN5QK1ycvfziw56eW3MXLiXeyOIBFmK-9F6nzFTvbrZJj5HibR0t5JEq9Tr2nPQSybXQKgDNGJO88nPCVU_AYcMSyFcpO6ZBDhPOrMSiNAZOQpLB99aUwOxgu2zCIMp3cAnqDYUrGmVlSEd5h4cDz_6rbXb3xUFrF3AJK_7oJdWKO06tMyhI8TDNlAUAVa-YXzfWohR7hP64LcGTKoxZXpx48xZJAcFb6_98zjYiQcd1HYHxHxvXukBCjaKBX_GRUAXZRi78AIalsiRqoUqORoYdkyg751a9DDI-r9L6aHj0IU6W6ElSEK1hkiMQypl_nn34SLafi4jD7CCSCCNUHJCdaEjImCOs-OsCv5HHTNoalEBZfIv5EhFsVzlAKiYbtt94vJJCG3NutUcDVSckMdg6252ermFR4zFApbUmNcMvnY9ytVmWeEGC6lNtmycFpQX3GZx1sW-LfDxL3BA1VT3PTysrL729NyjMx_DVhvdwtJF51aAt6Wb-ziTAYRcrTJZ9KC2h7EuHLfPH_S2whFug4kv01MlI2oOYfAwtGr-17pptbRMB2UJ8hv3XuIb0q4izT9Xzyx2HNVXf-3G1Q-jijjCRFGg6ZyxS82keaWRw74kXQgcbywYTrEZZmiZ9ECRa9SyK9Utnv6wo8ehKz3lir3V1Jk-2m8ska0kbTMtJbwjPuK_TMjh4TEGSEXpcsKra8FYzEM6x3ammzvlrTkQjBkF8RIsCD1yP3TOFihl3PRfxWtL8VPOHGjZplVaXV0sEp1BLqkxamMC_nZ0L69mYcvdaGbJrRdqZabePxbYwQJ5dFZoJUmxdcbmukuj1joODZRvGqmz1xhz2R2UVpSt5R6ihpQvwI2_NhwYMCEaUhZf1DRy-wEzgwzF1ML8dEZqwOT7LzdRbesqn2Jwc3MqGMJLtSLXRA2RQz4pQ%7Caplc
2025-06-26 06:12:27,441 - ig_scraper - INFO - Current URL: https://www.instagram.com/auth_platform/codeentry/?apc=AdkER0wNMNO_05MA1PG-UswfH01ddQxpwAk95YYWxqeelWtUsvP56Mo0__32VY4GZuy5TkZk90HHgTLd5EesCKn62G2qNP-iv1LjSQDMOCkUpk4UYsEaTdK8scVTy0yTjyobsDdu1EhFSgUZ5xg-ZIlhZM-gZ9iW3p7c4A8CwFUXmtwV1AhURoCvVyZ8QefZswa4buK20hBZgVE9EPGmV1pbNHsl6072p23xyhDuhxhRzWCH6YrOshR3cSNX6bZiQphaI9TzFZdrinYuluA_pcfZZb3p_l5UNB1veKGN_cYI8noAAb-YiqzVGynKNpQLCo_WOu6rugH1hF0ibMVeVGydWjxPSAw_Nd2for5Kp0WzXaIY5S2PEsyrabzhShpWjU8NMmxNuArsFEFhxgn6A-ijR1Ja63Hlg2j3vomL3DWChrBvMhHnKn6GqmGeVO4mZzpg38YNtQd0uDAANM29XSc_Wqip-s8nGF8AMDdb743PqETgzLl-_QnqxUVRkxnJiX0_3yRSo9PabPXBC-2AxXgQ9whRM8RrMA0EV03RosnJLom7wZ06yTB82nHJ0_LGNdbRkw_HhFChXiz6ksw0YPAk4FjrBOMba_2LMkCUb1kT3awPwGdWAAG5qMGlfXpt1Hw3wVdkm3ifA6I2dYs7-ZgQxWKZVSMyIp8CG9dFd470yFJedhgIS1Y6GnWta3t6pDMI9r7oFtKYvFBN5QK1ycvfziw56eW3MXLiXeyOIBFmK-9F6nzFTvbrZJj5HibR0t5JEq9Tr2nPQSybXQKgDNGJO88nPCVU_AYcMSyFcpO6ZBDhPOrMSiNAZOQpLB99aUwOxgu2zCIMp3cAnqDYUrGmVlSEd5h4cDz_6rbXb3xUFrF3AJK_7oJdWKO06tMyhI8TDNlAUAVa-YXzfWohR7hP64LcGTKoxZXpx48xZJAcFb6_98zjYiQcd1HYHxHxvXukBCjaKBX_GRUAXZRi78AIalsiRqoUqORoYdkyg751a9DDI-r9L6aHj0IU6W6ElSEK1hkiMQypl_nn34SLafi4jD7CCSCCNUHJCdaEjImCOs-OsCv5HHTNoalEBZfIv5EhFsVzlAKiYbtt94vJJCG3NutUcDVSckMdg6252ermFR4zFApbUmNcMvnY9ytVmWeEGC6lNtmycFpQX3GZx1sW-LfDxL3BA1VT3PTysrL729NyjMx_DVhvdwtJF51aAt6Wb-ziTAYRcrTJZ9KC2h7EuHLfPH_S2whFug4kv01MlI2oOYfAwtGr-17pptbRMB2UJ8hv3XuIb0q4izT9Xzyx2HNVXf-3G1Q-jijjCRFGg6ZyxS82keaWRw74kXQgcbywYTrEZZmiZ9ECRa9SyK9Utnv6wo8ehKz3lir3V1Jk-2m8ska0kbTMtJbwjPuK_TMjh4TEGSEXpcsKra8FYzEM6x3ammzvlrTkQjBkF8RIsCD1yP3TOFihl3PRfxWtL8VPOHGjZplVaXV0sEp1BLqkxamMC_nZ0L69mYcvdaGbJrRdqZabePxbYwQJ5dFZoJUmxdcbmukuj1joODZRvGqmz1xhz2R2UVpSt5R6ihpQvwI2_NhwYMCEaUhZf1DRy-wEzgwzF1ML8dEZqwOT7LzdRbesqn2Jwc3MqGMJLtSLXRA2RQz4pQ%7Caplc
2025-06-26 06:12:27,441 - ig_scraper - ERROR - Login failed - redirected to code entry page (security challenge)
2025-06-26 06:12:27,441 - ig_scraper - ERROR - Login failed - redirected to code entry page (security challenge)
2025-06-26 06:12:27,441 - ig_scraper - ERROR - This indicates account may be flagged or requires additional verification
2025-06-26 06:12:27,441 - ig_scraper - ERROR - This indicates account may be flagged or requires additional verification
2025-06-26 06:12:27,442 - ig_scraper - INFO - Login check failed, waiting longer before retry...
2025-06-26 06:12:27,442 - ig_scraper - INFO - Login check failed, waiting longer before retry...
2025-06-26 06:12:38,737 - ig_scraper - INFO - Checking login success (attempt 2/3)
2025-06-26 06:12:38,737 - ig_scraper - INFO - Checking login success (attempt 2/3)
2025-06-26 06:12:38,737 - ig_scraper - INFO - Waiting for login page to fully load...
2025-06-26 06:12:38,737 - ig_scraper - INFO - Waiting for login page to fully load...
2025-06-26 06:12:43,825 - ig_scraper - INFO - Current URL: https://www.instagram.com/auth_platform/codeentry/?apc=AdkER0wNMNO_05MA1PG-UswfH01ddQxpwAk95YYWxqeelWtUsvP56Mo0__32VY4GZuy5TkZk90HHgTLd5EesCKn62G2qNP-iv1LjSQDMOCkUpk4UYsEaTdK8scVTy0yTjyobsDdu1EhFSgUZ5xg-ZIlhZM-gZ9iW3p7c4A8CwFUXmtwV1AhURoCvVyZ8QefZswa4buK20hBZgVE9EPGmV1pbNHsl6072p23xyhDuhxhRzWCH6YrOshR3cSNX6bZiQphaI9TzFZdrinYuluA_pcfZZb3p_l5UNB1veKGN_cYI8noAAb-YiqzVGynKNpQLCo_WOu6rugH1hF0ibMVeVGydWjxPSAw_Nd2for5Kp0WzXaIY5S2PEsyrabzhShpWjU8NMmxNuArsFEFhxgn6A-ijR1Ja63Hlg2j3vomL3DWChrBvMhHnKn6GqmGeVO4mZzpg38YNtQd0uDAANM29XSc_Wqip-s8nGF8AMDdb743PqETgzLl-_QnqxUVRkxnJiX0_3yRSo9PabPXBC-2AxXgQ9whRM8RrMA0EV03RosnJLom7wZ06yTB82nHJ0_LGNdbRkw_HhFChXiz6ksw0YPAk4FjrBOMba_2LMkCUb1kT3awPwGdWAAG5qMGlfXpt1Hw3wVdkm3ifA6I2dYs7-ZgQxWKZVSMyIp8CG9dFd470yFJedhgIS1Y6GnWta3t6pDMI9r7oFtKYvFBN5QK1ycvfziw56eW3MXLiXeyOIBFmK-9F6nzFTvbrZJj5HibR0t5JEq9Tr2nPQSybXQKgDNGJO88nPCVU_AYcMSyFcpO6ZBDhPOrMSiNAZOQpLB99aUwOxgu2zCIMp3cAnqDYUrGmVlSEd5h4cDz_6rbXb3xUFrF3AJK_7oJdWKO06tMyhI8TDNlAUAVa-YXzfWohR7hP64LcGTKoxZXpx48xZJAcFb6_98zjYiQcd1HYHxHxvXukBCjaKBX_GRUAXZRi78AIalsiRqoUqORoYdkyg751a9DDI-r9L6aHj0IU6W6ElSEK1hkiMQypl_nn34SLafi4jD7CCSCCNUHJCdaEjImCOs-OsCv5HHTNoalEBZfIv5EhFsVzlAKiYbtt94vJJCG3NutUcDVSckMdg6252ermFR4zFApbUmNcMvnY9ytVmWeEGC6lNtmycFpQX3GZx1sW-LfDxL3BA1VT3PTysrL729NyjMx_DVhvdwtJF51aAt6Wb-ziTAYRcrTJZ9KC2h7EuHLfPH_S2whFug4kv01MlI2oOYfAwtGr-17pptbRMB2UJ8hv3XuIb0q4izT9Xzyx2HNVXf-3G1Q-jijjCRFGg6ZyxS82keaWRw74kXQgcbywYTrEZZmiZ9ECRa9SyK9Utnv6wo8ehKz3lir3V1Jk-2m8ska0kbTMtJbwjPuK_TMjh4TEGSEXpcsKra8FYzEM6x3ammzvlrTkQjBkF8RIsCD1yP3TOFihl3PRfxWtL8VPOHGjZplVaXV0sEp1BLqkxamMC_nZ0L69mYcvdaGbJrRdqZabePxbYwQJ5dFZoJUmxdcbmukuj1joODZRvGqmz1xhz2R2UVpSt5R6ihpQvwI2_NhwYMCEaUhZf1DRy-wEzgwzF1ML8dEZqwOT7LzdRbesqn2Jwc3MqGMJLtSLXRA2RQz4pQ%7Caplc
2025-06-26 06:12:43,825 - ig_scraper - INFO - Current URL: https://www.instagram.com/auth_platform/codeentry/?apc=AdkER0wNMNO_05MA1PG-UswfH01ddQxpwAk95YYWxqeelWtUsvP56Mo0__32VY4GZuy5TkZk90HHgTLd5EesCKn62G2qNP-iv1LjSQDMOCkUpk4UYsEaTdK8scVTy0yTjyobsDdu1EhFSgUZ5xg-ZIlhZM-gZ9iW3p7c4A8CwFUXmtwV1AhURoCvVyZ8QefZswa4buK20hBZgVE9EPGmV1pbNHsl6072p23xyhDuhxhRzWCH6YrOshR3cSNX6bZiQphaI9TzFZdrinYuluA_pcfZZb3p_l5UNB1veKGN_cYI8noAAb-YiqzVGynKNpQLCo_WOu6rugH1hF0ibMVeVGydWjxPSAw_Nd2for5Kp0WzXaIY5S2PEsyrabzhShpWjU8NMmxNuArsFEFhxgn6A-ijR1Ja63Hlg2j3vomL3DWChrBvMhHnKn6GqmGeVO4mZzpg38YNtQd0uDAANM29XSc_Wqip-s8nGF8AMDdb743PqETgzLl-_QnqxUVRkxnJiX0_3yRSo9PabPXBC-2AxXgQ9whRM8RrMA0EV03RosnJLom7wZ06yTB82nHJ0_LGNdbRkw_HhFChXiz6ksw0YPAk4FjrBOMba_2LMkCUb1kT3awPwGdWAAG5qMGlfXpt1Hw3wVdkm3ifA6I2dYs7-ZgQxWKZVSMyIp8CG9dFd470yFJedhgIS1Y6GnWta3t6pDMI9r7oFtKYvFBN5QK1ycvfziw56eW3MXLiXeyOIBFmK-9F6nzFTvbrZJj5HibR0t5JEq9Tr2nPQSybXQKgDNGJO88nPCVU_AYcMSyFcpO6ZBDhPOrMSiNAZOQpLB99aUwOxgu2zCIMp3cAnqDYUrGmVlSEd5h4cDz_6rbXb3xUFrF3AJK_7oJdWKO06tMyhI8TDNlAUAVa-YXzfWohR7hP64LcGTKoxZXpx48xZJAcFb6_98zjYiQcd1HYHxHxvXukBCjaKBX_GRUAXZRi78AIalsiRqoUqORoYdkyg751a9DDI-r9L6aHj0IU6W6ElSEK1hkiMQypl_nn34SLafi4jD7CCSCCNUHJCdaEjImCOs-OsCv5HHTNoalEBZfIv5EhFsVzlAKiYbtt94vJJCG3NutUcDVSckMdg6252ermFR4zFApbUmNcMvnY9ytVmWeEGC6lNtmycFpQX3GZx1sW-LfDxL3BA1VT3PTysrL729NyjMx_DVhvdwtJF51aAt6Wb-ziTAYRcrTJZ9KC2h7EuHLfPH_S2whFug4kv01MlI2oOYfAwtGr-17pptbRMB2UJ8hv3XuIb0q4izT9Xzyx2HNVXf-3G1Q-jijjCRFGg6ZyxS82keaWRw74kXQgcbywYTrEZZmiZ9ECRa9SyK9Utnv6wo8ehKz3lir3V1Jk-2m8ska0kbTMtJbwjPuK_TMjh4TEGSEXpcsKra8FYzEM6x3ammzvlrTkQjBkF8RIsCD1yP3TOFihl3PRfxWtL8VPOHGjZplVaXV0sEp1BLqkxamMC_nZ0L69mYcvdaGbJrRdqZabePxbYwQJ5dFZoJUmxdcbmukuj1joODZRvGqmz1xhz2R2UVpSt5R6ihpQvwI2_NhwYMCEaUhZf1DRy-wEzgwzF1ML8dEZqwOT7LzdRbesqn2Jwc3MqGMJLtSLXRA2RQz4pQ%7Caplc
2025-06-26 06:12:43,825 - ig_scraper - ERROR - Login failed - redirected to code entry page (security challenge)
2025-06-26 06:12:43,825 - ig_scraper - ERROR - Login failed - redirected to code entry page (security challenge)
2025-06-26 06:12:43,825 - ig_scraper - ERROR - This indicates account may be flagged or requires additional verification
2025-06-26 06:12:43,825 - ig_scraper - ERROR - This indicates account may be flagged or requires additional verification
2025-06-26 06:12:43,825 - ig_scraper - INFO - Login check failed, waiting longer before retry...
2025-06-26 06:12:43,825 - ig_scraper - INFO - Login check failed, waiting longer before retry...
2025-06-26 06:12:51,826 - ig_scraper - INFO - Checking login success (attempt 3/3)
2025-06-26 06:12:51,826 - ig_scraper - INFO - Checking login success (attempt 3/3)
2025-06-26 06:12:51,826 - ig_scraper - INFO - Waiting for login page to fully load...
2025-06-26 06:12:51,826 - ig_scraper - INFO - Waiting for login page to fully load...
2025-06-26 06:12:56,926 - ig_scraper - INFO - Current URL: https://www.instagram.com/auth_platform/codeentry/?apc=AdkER0wNMNO_05MA1PG-UswfH01ddQxpwAk95YYWxqeelWtUsvP56Mo0__32VY4GZuy5TkZk90HHgTLd5EesCKn62G2qNP-iv1LjSQDMOCkUpk4UYsEaTdK8scVTy0yTjyobsDdu1EhFSgUZ5xg-ZIlhZM-gZ9iW3p7c4A8CwFUXmtwV1AhURoCvVyZ8QefZswa4buK20hBZgVE9EPGmV1pbNHsl6072p23xyhDuhxhRzWCH6YrOshR3cSNX6bZiQphaI9TzFZdrinYuluA_pcfZZb3p_l5UNB1veKGN_cYI8noAAb-YiqzVGynKNpQLCo_WOu6rugH1hF0ibMVeVGydWjxPSAw_Nd2for5Kp0WzXaIY5S2PEsyrabzhShpWjU8NMmxNuArsFEFhxgn6A-ijR1Ja63Hlg2j3vomL3DWChrBvMhHnKn6GqmGeVO4mZzpg38YNtQd0uDAANM29XSc_Wqip-s8nGF8AMDdb743PqETgzLl-_QnqxUVRkxnJiX0_3yRSo9PabPXBC-2AxXgQ9whRM8RrMA0EV03RosnJLom7wZ06yTB82nHJ0_LGNdbRkw_HhFChXiz6ksw0YPAk4FjrBOMba_2LMkCUb1kT3awPwGdWAAG5qMGlfXpt1Hw3wVdkm3ifA6I2dYs7-ZgQxWKZVSMyIp8CG9dFd470yFJedhgIS1Y6GnWta3t6pDMI9r7oFtKYvFBN5QK1ycvfziw56eW3MXLiXeyOIBFmK-9F6nzFTvbrZJj5HibR0t5JEq9Tr2nPQSybXQKgDNGJO88nPCVU_AYcMSyFcpO6ZBDhPOrMSiNAZOQpLB99aUwOxgu2zCIMp3cAnqDYUrGmVlSEd5h4cDz_6rbXb3xUFrF3AJK_7oJdWKO06tMyhI8TDNlAUAVa-YXzfWohR7hP64LcGTKoxZXpx48xZJAcFb6_98zjYiQcd1HYHxHxvXukBCjaKBX_GRUAXZRi78AIalsiRqoUqORoYdkyg751a9DDI-r9L6aHj0IU6W6ElSEK1hkiMQypl_nn34SLafi4jD7CCSCCNUHJCdaEjImCOs-OsCv5HHTNoalEBZfIv5EhFsVzlAKiYbtt94vJJCG3NutUcDVSckMdg6252ermFR4zFApbUmNcMvnY9ytVmWeEGC6lNtmycFpQX3GZx1sW-LfDxL3BA1VT3PTysrL729NyjMx_DVhvdwtJF51aAt6Wb-ziTAYRcrTJZ9KC2h7EuHLfPH_S2whFug4kv01MlI2oOYfAwtGr-17pptbRMB2UJ8hv3XuIb0q4izT9Xzyx2HNVXf-3G1Q-jijjCRFGg6ZyxS82keaWRw74kXQgcbywYTrEZZmiZ9ECRa9SyK9Utnv6wo8ehKz3lir3V1Jk-2m8ska0kbTMtJbwjPuK_TMjh4TEGSEXpcsKra8FYzEM6x3ammzvlrTkQjBkF8RIsCD1yP3TOFihl3PRfxWtL8VPOHGjZplVaXV0sEp1BLqkxamMC_nZ0L69mYcvdaGbJrRdqZabePxbYwQJ5dFZoJUmxdcbmukuj1joODZRvGqmz1xhz2R2UVpSt5R6ihpQvwI2_NhwYMCEaUhZf1DRy-wEzgwzF1ML8dEZqwOT7LzdRbesqn2Jwc3MqGMJLtSLXRA2RQz4pQ%7Caplc
2025-06-26 06:12:56,926 - ig_scraper - INFO - Current URL: https://www.instagram.com/auth_platform/codeentry/?apc=AdkER0wNMNO_05MA1PG-UswfH01ddQxpwAk95YYWxqeelWtUsvP56Mo0__32VY4GZuy5TkZk90HHgTLd5EesCKn62G2qNP-iv1LjSQDMOCkUpk4UYsEaTdK8scVTy0yTjyobsDdu1EhFSgUZ5xg-ZIlhZM-gZ9iW3p7c4A8CwFUXmtwV1AhURoCvVyZ8QefZswa4buK20hBZgVE9EPGmV1pbNHsl6072p23xyhDuhxhRzWCH6YrOshR3cSNX6bZiQphaI9TzFZdrinYuluA_pcfZZb3p_l5UNB1veKGN_cYI8noAAb-YiqzVGynKNpQLCo_WOu6rugH1hF0ibMVeVGydWjxPSAw_Nd2for5Kp0WzXaIY5S2PEsyrabzhShpWjU8NMmxNuArsFEFhxgn6A-ijR1Ja63Hlg2j3vomL3DWChrBvMhHnKn6GqmGeVO4mZzpg38YNtQd0uDAANM29XSc_Wqip-s8nGF8AMDdb743PqETgzLl-_QnqxUVRkxnJiX0_3yRSo9PabPXBC-2AxXgQ9whRM8RrMA0EV03RosnJLom7wZ06yTB82nHJ0_LGNdbRkw_HhFChXiz6ksw0YPAk4FjrBOMba_2LMkCUb1kT3awPwGdWAAG5qMGlfXpt1Hw3wVdkm3ifA6I2dYs7-ZgQxWKZVSMyIp8CG9dFd470yFJedhgIS1Y6GnWta3t6pDMI9r7oFtKYvFBN5QK1ycvfziw56eW3MXLiXeyOIBFmK-9F6nzFTvbrZJj5HibR0t5JEq9Tr2nPQSybXQKgDNGJO88nPCVU_AYcMSyFcpO6ZBDhPOrMSiNAZOQpLB99aUwOxgu2zCIMp3cAnqDYUrGmVlSEd5h4cDz_6rbXb3xUFrF3AJK_7oJdWKO06tMyhI8TDNlAUAVa-YXzfWohR7hP64LcGTKoxZXpx48xZJAcFb6_98zjYiQcd1HYHxHxvXukBCjaKBX_GRUAXZRi78AIalsiRqoUqORoYdkyg751a9DDI-r9L6aHj0IU6W6ElSEK1hkiMQypl_nn34SLafi4jD7CCSCCNUHJCdaEjImCOs-OsCv5HHTNoalEBZfIv5EhFsVzlAKiYbtt94vJJCG3NutUcDVSckMdg6252ermFR4zFApbUmNcMvnY9ytVmWeEGC6lNtmycFpQX3GZx1sW-LfDxL3BA1VT3PTysrL729NyjMx_DVhvdwtJF51aAt6Wb-ziTAYRcrTJZ9KC2h7EuHLfPH_S2whFug4kv01MlI2oOYfAwtGr-17pptbRMB2UJ8hv3XuIb0q4izT9Xzyx2HNVXf-3G1Q-jijjCRFGg6ZyxS82keaWRw74kXQgcbywYTrEZZmiZ9ECRa9SyK9Utnv6wo8ehKz3lir3V1Jk-2m8ska0kbTMtJbwjPuK_TMjh4TEGSEXpcsKra8FYzEM6x3ammzvlrTkQjBkF8RIsCD1yP3TOFihl3PRfxWtL8VPOHGjZplVaXV0sEp1BLqkxamMC_nZ0L69mYcvdaGbJrRdqZabePxbYwQJ5dFZoJUmxdcbmukuj1joODZRvGqmz1xhz2R2UVpSt5R6ihpQvwI2_NhwYMCEaUhZf1DRy-wEzgwzF1ML8dEZqwOT7LzdRbesqn2Jwc3MqGMJLtSLXRA2RQz4pQ%7Caplc
2025-06-26 06:12:56,926 - ig_scraper - ERROR - Login failed - redirected to code entry page (security challenge)
2025-06-26 06:12:56,926 - ig_scraper - ERROR - Login failed - redirected to code entry page (security challenge)
2025-06-26 06:12:56,926 - ig_scraper - ERROR - This indicates account may be flagged or requires additional verification
2025-06-26 06:12:56,926 - ig_scraper - ERROR - This indicates account may be flagged or requires additional verification
2025-06-26 06:12:56,926 - ig_scraper - ERROR - Login failed for account: eprosine009 after 3 attempts
2025-06-26 06:12:56,926 - ig_scraper - ERROR - Login failed for account: eprosine009 after 3 attempts
2025-06-26 06:12:56,926 - ig_scraper - INFO - Attempting login with account: eprosen2
2025-06-26 06:12:56,926 - ig_scraper - INFO - Attempting login with account: eprosen2
2025-06-26 06:13:26,817 - ig_scraper - INFO - Navigating to login page...
2025-06-26 06:13:26,817 - ig_scraper - INFO - Navigating to login page...
2025-06-26 06:13:50,701 - ig_scraper - ERROR - Element not found: name=username
2025-06-26 06:13:50,701 - ig_scraper - ERROR - Element not found: name=username
2025-06-26 06:13:50,702 - ig_scraper - ERROR - Username input field not found
2025-06-26 06:13:50,702 - ig_scraper - ERROR - Username input field not found
2025-06-26 06:13:50,702 - ig_scraper - ERROR - All accounts failed to login
2025-06-26 06:13:50,702 - ig_scraper - ERROR - All accounts failed to login
2025-06-26 06:13:50,734 - ig_scraper - INFO - Screenshot saved: output/improved_login_detection_failed.png
2025-06-26 06:13:50,734 - ig_scraper - INFO - Screenshot saved: output/improved_login_detection_failed.png
2025-06-26 06:13:50,808 - ig_scraper - INFO - WebDriver closed successfully
2025-06-26 06:13:50,808 - ig_scraper - INFO - WebDriver closed successfully
