2025-06-26 05:49:10,384 - ig_scraper - INFO - Using ChromeDriver at: /usr/bin/chromedriver
2025-06-26 05:49:10,384 - ig_scraper - INFO - Using ChromeDriver at: /usr/bin/chromedriver
2025-06-26 05:49:14,054 - ig_scraper - INFO - WebDriver initialized successfully
2025-06-26 05:49:14,054 - ig_scraper - INFO - WebDriver initialized successfully
2025-06-26 05:49:14,054 - ig_scraper - INFO - Attempting login with account: eprosine009
2025-06-26 05:49:14,054 - ig_scraper - INFO - Attempting login with account: eprosine009
2025-06-26 05:49:45,302 - ig_scraper - INFO - Navigating to login page...
2025-06-26 05:49:45,302 - ig_scraper - INFO - Navigating to login page...
2025-06-26 05:49:54,601 - ig_scraper - INFO - Login form submitted
2025-06-26 05:49:54,601 - ig_scraper - INFO - Login form submitted
2025-06-26 05:49:54,602 - ig_scraper - INFO - Waiting for login to process (extended timeout)...
2025-06-26 05:49:54,602 - ig_scraper - INFO - Waiting for login to process (extended timeout)...
2025-06-26 05:50:22,032 - ig_scraper - INFO - Checking login success (attempt 1/3)
2025-06-26 05:50:22,032 - ig_scraper - INFO - Checking login success (attempt 1/3)
2025-06-26 05:50:22,032 - ig_scraper - INFO - Waiting for login page to fully load...
2025-06-26 05:50:22,032 - ig_scraper - INFO - Waiting for login page to fully load...
2025-06-26 05:50:27,136 - ig_scraper - ERROR - Login failed - redirected to code entry page (security challenge)
2025-06-26 05:50:27,136 - ig_scraper - ERROR - Login failed - redirected to code entry page (security challenge)
2025-06-26 05:50:27,137 - ig_scraper - ERROR - This indicates account may be flagged or requires additional verification
2025-06-26 05:50:27,137 - ig_scraper - ERROR - This indicates account may be flagged or requires additional verification
2025-06-26 05:50:27,137 - ig_scraper - INFO - Login check failed, waiting longer before retry...
2025-06-26 05:50:27,137 - ig_scraper - INFO - Login check failed, waiting longer before retry...
2025-06-26 05:50:35,137 - ig_scraper - INFO - Checking login success (attempt 2/3)
2025-06-26 05:50:35,137 - ig_scraper - INFO - Checking login success (attempt 2/3)
2025-06-26 05:50:35,137 - ig_scraper - INFO - Waiting for login page to fully load...
2025-06-26 05:50:35,137 - ig_scraper - INFO - Waiting for login page to fully load...
2025-06-26 05:50:40,215 - ig_scraper - ERROR - Login failed - redirected to code entry page (security challenge)
2025-06-26 05:50:40,215 - ig_scraper - ERROR - Login failed - redirected to code entry page (security challenge)
2025-06-26 05:50:40,215 - ig_scraper - ERROR - This indicates account may be flagged or requires additional verification
2025-06-26 05:50:40,215 - ig_scraper - ERROR - This indicates account may be flagged or requires additional verification
2025-06-26 05:50:40,215 - ig_scraper - INFO - Login check failed, waiting longer before retry...
2025-06-26 05:50:40,215 - ig_scraper - INFO - Login check failed, waiting longer before retry...
2025-06-26 05:50:48,215 - ig_scraper - INFO - Checking login success (attempt 3/3)
2025-06-26 05:50:48,215 - ig_scraper - INFO - Checking login success (attempt 3/3)
2025-06-26 05:50:48,215 - ig_scraper - INFO - Waiting for login page to fully load...
2025-06-26 05:50:48,215 - ig_scraper - INFO - Waiting for login page to fully load...
2025-06-26 05:50:53,300 - ig_scraper - ERROR - Login failed - redirected to code entry page (security challenge)
2025-06-26 05:50:53,300 - ig_scraper - ERROR - Login failed - redirected to code entry page (security challenge)
2025-06-26 05:50:53,300 - ig_scraper - ERROR - This indicates account may be flagged or requires additional verification
2025-06-26 05:50:53,300 - ig_scraper - ERROR - This indicates account may be flagged or requires additional verification
2025-06-26 05:50:53,300 - ig_scraper - ERROR - Login failed for account: eprosine009 after 3 attempts
2025-06-26 05:50:53,300 - ig_scraper - ERROR - Login failed for account: eprosine009 after 3 attempts
2025-06-26 05:50:53,300 - ig_scraper - INFO - Attempting login with account: eprosen2
2025-06-26 05:50:53,300 - ig_scraper - INFO - Attempting login with account: eprosen2
2025-06-26 05:51:16,732 - ig_scraper - INFO - Navigating to login page...
2025-06-26 05:51:16,732 - ig_scraper - INFO - Navigating to login page...
2025-06-26 05:51:27,574 - ig_scraper - INFO - Login form submitted
2025-06-26 05:51:27,574 - ig_scraper - INFO - Login form submitted
2025-06-26 05:51:27,574 - ig_scraper - INFO - Waiting for login to process (extended timeout)...
2025-06-26 05:51:27,574 - ig_scraper - INFO - Waiting for login to process (extended timeout)...
2025-06-26 05:51:40,820 - ig_scraper - INFO - Checking login success (attempt 1/3)
2025-06-26 05:51:40,820 - ig_scraper - INFO - Checking login success (attempt 1/3)
2025-06-26 05:51:40,821 - ig_scraper - INFO - Waiting for login page to fully load...
2025-06-26 05:51:40,821 - ig_scraper - INFO - Waiting for login page to fully load...
2025-06-26 05:51:45,901 - ig_scraper - WARNING - Still on login page, login may have failed
2025-06-26 05:51:45,901 - ig_scraper - WARNING - Still on login page, login may have failed
2025-06-26 05:51:45,901 - ig_scraper - INFO - Login check failed, waiting longer before retry...
2025-06-26 05:51:45,901 - ig_scraper - INFO - Login check failed, waiting longer before retry...
2025-06-26 05:51:53,901 - ig_scraper - INFO - Checking login success (attempt 2/3)
2025-06-26 05:51:53,901 - ig_scraper - INFO - Checking login success (attempt 2/3)
2025-06-26 05:51:53,901 - ig_scraper - INFO - Waiting for login page to fully load...
2025-06-26 05:51:53,901 - ig_scraper - INFO - Waiting for login page to fully load...
2025-06-26 05:51:58,990 - ig_scraper - WARNING - Still on login page, login may have failed
2025-06-26 05:51:58,990 - ig_scraper - WARNING - Still on login page, login may have failed
2025-06-26 05:51:58,991 - ig_scraper - INFO - Login check failed, waiting longer before retry...
2025-06-26 05:51:58,991 - ig_scraper - INFO - Login check failed, waiting longer before retry...
2025-06-26 05:52:10,135 - ig_scraper - INFO - Checking login success (attempt 3/3)
2025-06-26 05:52:10,135 - ig_scraper - INFO - Checking login success (attempt 3/3)
2025-06-26 05:52:10,135 - ig_scraper - INFO - Waiting for login page to fully load...
2025-06-26 05:52:10,135 - ig_scraper - INFO - Waiting for login page to fully load...
2025-06-26 05:52:47,750 - ig_scraper - INFO - Login success confirmed
2025-06-26 05:52:47,750 - ig_scraper - INFO - Login success confirmed
2025-06-26 05:52:47,755 - ig_scraper - INFO - Successfully logged in with account: eprosen2
2025-06-26 05:52:47,755 - ig_scraper - INFO - Successfully logged in with account: eprosen2
2025-06-26 05:52:47,851 - ig_scraper - INFO - Screenshot saved: output/extended_wait_login_success.png
2025-06-26 05:52:47,851 - ig_scraper - INFO - Screenshot saved: output/extended_wait_login_success.png
2025-06-26 05:56:00,843 - ig_scraper - INFO - WebDriver closed successfully
2025-06-26 05:56:00,843 - ig_scraper - INFO - WebDriver closed successfully
